
         /\      Grafana   /‾‾/  
    /\  /  \     |\  __   /  /   
   /  \/    \    | |/ /  /   ‾‾\ 
  /          \   |   (  |  (‾)  |
 / __________ \  |_|\_\  \_____/ 


     execution: local
        script: k6/schedule/scenarios/stress.js
        output: -

     scenarios: (100.00%) 2 scenarios, 6000 max VUs, 9m40s max duration (incl. graceful stop):
              * guest: Up to 3500.00 iterations/s for 9m10s over 19 stages (maxVUs: 500-4000, exec: guestFlow, gracefulStop: 30s)
              * member: Up to 1500.00 iterations/s for 9m10s over 19 stages (maxVUs: 200-2000, exec: memberFlow, gracefulStop: 30s)

time="2026-04-21T18:50:26+09:00" level=info msg="[setup] Logging in loadtest users..." source=console

Run      [ 100% ] setup()
guest    [   0% ]
member   [   0% ]

Run      [ 100% ] setup()
guest    [   0% ]
member   [   0% ]

Run      [ 100% ] setup()
guest    [   0% ]
member   [   0% ]

Run      [ 100% ] setup()
guest    [   0% ]
member   [   0% ]

Run      [ 100% ] setup()
guest    [   0% ]
member   [   0% ]

Run      [ 100% ] setup()
guest    [   0% ]
member   [   0% ]

Run      [ 100% ] setup()
guest    [   0% ]
member   [   0% ]
time="2026-04-21T18:50:34+09:00" level=info msg="[setup] Acquired 100 tokens" source=console
time="2026-04-21T18:50:34+09:00" level=info msg="[setup] Steps (total RPS): 100 -> 250 -> 500 -> 1000 -> 1500 -> 2000 -> 3000 -> 4000 -> 5000" source=console

running (0m07.9s), 0000/0700 VUs, 4 complete and 0 interrupted iterations
guest    [   0% ] 0000/0500 VUs  0m00.3s/9m10s  0011.31 iters/s
member   [   0% ] 0000/0200 VUs  0m00.3s/9m10s  0005.48 iters/s

running (0m08.9s), 0000/0700 VUs, 23 complete and 0 interrupted iterations
guest    [   0% ] 0000/0500 VUs  0m01.3s/9m10s  0015.23 iters/s
member   [   0% ] 0000/0200 VUs  0m01.3s/9m10s  0007.07 iters/s

running (0m09.9s), 0000/0700 VUs, 48 complete and 0 interrupted iterations
guest    [   0% ] 0000/0500 VUs  0m02.3s/9m10s  0019.18 iters/s
member   [   0% ] 0000/0200 VUs  0m02.3s/9m10s  0008.76 iters/s

running (0m10.9s), 0000/0700 VUs, 79 complete and 0 interrupted iterations
guest    [   1% ] 0000/0500 VUs  0m03.3s/9m10s  0023.15 iters/s
member   [   1% ] 0000/0200 VUs  0m03.3s/9m10s  0010.49 iters/s

running (0m11.9s), 0000/0700 VUs, 115 complete and 0 interrupted iterations
guest    [   1% ] 0000/0500 VUs  0m04.3s/9m10s  0027.13 iters/s
member   [   1% ] 0000/0200 VUs  0m04.3s/9m10s  0012.11 iters/s

running (0m12.9s), 0001/0700 VUs, 157 complete and 0 interrupted iterations
guest    [   1% ] 0001/0500 VUs  0m05.3s/9m10s  0031.24 iters/s
member   [   1% ] 0000/0200 VUs  0m05.3s/9m10s  0013.78 iters/s

running (0m13.9s), 0000/0700 VUs, 206 complete and 0 interrupted iterations
guest    [   1% ] 0000/0500 VUs  0m06.3s/9m10s  0035.21 iters/s
member   [   1% ] 0000/0200 VUs  0m06.3s/9m10s  0015.49 iters/s

running (0m14.9s), 0001/0700 VUs, 258 complete and 0 interrupted iterations
guest    [   1% ] 0001/0500 VUs  0m07.3s/9m10s  0039.19 iters/s
member   [   1% ] 0000/0200 VUs  0m07.3s/9m10s  0017.13 iters/s

running (0m15.9s), 0000/0700 VUs, 318 complete and 0 interrupted iterations
guest    [   2% ] 0000/0500 VUs  0m08.3s/9m10s  0043.17 iters/s
member   [   2% ] 0000/0200 VUs  0m08.3s/9m10s  0018.80 iters/s

running (0m16.9s), 0000/0700 VUs, 383 complete and 0 interrupted iterations
guest    [   2% ] 0000/0500 VUs  0m09.3s/9m10s  0047.16 iters/s
member   [   2% ] 0000/0200 VUs  0m09.3s/9m10s  0020.49 iters/s

running (0m17.9s), 0001/0700 VUs, 453 complete and 0 interrupted iterations
guest    [   2% ] 0001/0500 VUs  0m10.3s/9m10s  0051.22 iters/s
member   [   2% ] 0000/0200 VUs  0m10.3s/9m10s  0022.14 iters/s

running (0m18.9s), 0001/0700 VUs, 529 complete and 0 interrupted iterations
guest    [   2% ] 0001/0500 VUs  0m11.3s/9m10s  0055.21 iters/s
member   [   2% ] 0000/0200 VUs  0m11.3s/9m10s  0023.80 iters/s

running (0m19.9s), 0000/0700 VUs, 612 complete and 0 interrupted iterations
guest    [   2% ] 0000/0500 VUs  0m12.3s/9m10s  0059.19 iters/s
member   [   2% ] 0000/0200 VUs  0m12.3s/9m10s  0025.50 iters/s

running (0m20.9s), 0001/0700 VUs, 698 complete and 0 interrupted iterations
guest    [   2% ] 0001/0500 VUs  0m13.3s/9m10s  0063.18 iters/s
member   [   2% ] 0000/0200 VUs  0m13.3s/9m10s  0027.14 iters/s

running (0m21.9s), 0000/0700 VUs, 792 complete and 0 interrupted iterations
guest    [   3% ] 0000/0500 VUs  0m14.3s/9m10s  0067.17 iters/s
member   [   3% ] 0000/0200 VUs  0m14.3s/9m10s  0028.81 iters/s

running (0m22.9s), 0000/0700 VUs, 891 complete and 0 interrupted iterations
guest    [   3% ] 0000/0500 VUs  0m15.3s/9m10s  0070.00 iters/s
member   [   3% ] 0000/0200 VUs  0m15.3s/9m10s  0030.00 iters/s

running (0m23.9s), 0000/0700 VUs, 991 complete and 0 interrupted iterations
guest    [   3% ] 0000/0500 VUs  0m16.3s/9m10s  0070.00 iters/s
member   [   3% ] 0000/0200 VUs  0m16.3s/9m10s  0030.00 iters/s

running (0m24.9s), 0000/0700 VUs, 1091 complete and 0 interrupted iterations
guest    [   3% ] 0000/0500 VUs  0m17.3s/9m10s  0070.00 iters/s
member   [   3% ] 0000/0200 VUs  0m17.3s/9m10s  0030.00 iters/s

running (0m25.9s), 0000/0700 VUs, 1191 complete and 0 interrupted iterations
guest    [   3% ] 0000/0500 VUs  0m18.3s/9m10s  0070.00 iters/s
member   [   3% ] 0000/0200 VUs  0m18.3s/9m10s  0030.00 iters/s

running (0m26.9s), 0000/0700 VUs, 1291 complete and 0 interrupted iterations
guest    [   4% ] 0000/0500 VUs  0m19.3s/9m10s  0070.00 iters/s
member   [   4% ] 0000/0200 VUs  0m19.3s/9m10s  0030.00 iters/s

running (0m27.9s), 0000/0700 VUs, 1391 complete and 0 interrupted iterations
guest    [   4% ] 0000/0500 VUs  0m20.3s/9m10s  0070.00 iters/s
member   [   4% ] 0000/0200 VUs  0m20.3s/9m10s  0030.00 iters/s

running (0m28.9s), 0001/0700 VUs, 1491 complete and 0 interrupted iterations
guest    [   4% ] 0001/0500 VUs  0m21.3s/9m10s  0070.00 iters/s
member   [   4% ] 0000/0200 VUs  0m21.3s/9m10s  0030.00 iters/s

running (0m29.9s), 0000/0700 VUs, 1591 complete and 0 interrupted iterations
guest    [   4% ] 0000/0500 VUs  0m22.3s/9m10s  0070.00 iters/s
member   [   4% ] 0000/0200 VUs  0m22.3s/9m10s  0030.00 iters/s

running (0m30.9s), 0000/0700 VUs, 1691 complete and 0 interrupted iterations
guest    [   4% ] 0000/0500 VUs  0m23.3s/9m10s  0070.00 iters/s
member   [   4% ] 0000/0200 VUs  0m23.3s/9m10s  0030.00 iters/s

running (0m31.9s), 0001/0700 VUs, 1790 complete and 0 interrupted iterations
guest    [   4% ] 0001/0500 VUs  0m24.3s/9m10s  0070.00 iters/s
member   [   4% ] 0000/0200 VUs  0m24.3s/9m10s  0030.00 iters/s

running (0m32.9s), 0001/0700 VUs, 1891 complete and 0 interrupted iterations
guest    [   5% ] 0001/0500 VUs  0m25.3s/9m10s  0070.00 iters/s
member   [   5% ] 0000/0200 VUs  0m25.3s/9m10s  0030.00 iters/s

running (0m33.9s), 0000/0700 VUs, 1991 complete and 0 interrupted iterations
guest    [   5% ] 0000/0500 VUs  0m26.3s/9m10s  0070.00 iters/s
member   [   5% ] 0000/0200 VUs  0m26.3s/9m10s  0030.00 iters/s

running (0m34.9s), 0000/0700 VUs, 2091 complete and 0 interrupted iterations
guest    [   5% ] 0000/0500 VUs  0m27.3s/9m10s  0070.00 iters/s
member   [   5% ] 0000/0200 VUs  0m27.3s/9m10s  0030.00 iters/s

running (0m35.9s), 0001/0700 VUs, 2191 complete and 0 interrupted iterations
guest    [   5% ] 0001/0500 VUs  0m28.3s/9m10s  0070.00 iters/s
member   [   5% ] 0000/0200 VUs  0m28.3s/9m10s  0030.00 iters/s

running (0m36.9s), 0000/0700 VUs, 2291 complete and 0 interrupted iterations
guest    [   5% ] 0000/0500 VUs  0m29.3s/9m10s  0070.00 iters/s
member   [   5% ] 0000/0200 VUs  0m29.3s/9m10s  0030.00 iters/s

running (0m37.9s), 0000/0700 VUs, 2391 complete and 0 interrupted iterations
guest    [   6% ] 0000/0500 VUs  0m30.3s/9m10s  0070.00 iters/s
member   [   6% ] 0000/0200 VUs  0m30.3s/9m10s  0030.00 iters/s

running (0m38.9s), 0001/0700 VUs, 2490 complete and 0 interrupted iterations
guest    [   6% ] 0000/0500 VUs  0m31.3s/9m10s  0070.00 iters/s
member   [   6% ] 0001/0200 VUs  0m31.3s/9m10s  0030.00 iters/s

running (0m39.9s), 0000/0700 VUs, 2591 complete and 0 interrupted iterations
guest    [   6% ] 0000/0500 VUs  0m32.3s/9m10s  0070.00 iters/s
member   [   6% ] 0000/0200 VUs  0m32.3s/9m10s  0030.00 iters/s

running (0m40.9s), 0000/0700 VUs, 2691 complete and 0 interrupted iterations
guest    [   6% ] 0000/0500 VUs  0m33.3s/9m10s  0070.00 iters/s
member   [   6% ] 0000/0200 VUs  0m33.3s/9m10s  0030.00 iters/s

running (0m41.9s), 0000/0700 VUs, 2791 complete and 0 interrupted iterations
guest    [   6% ] 0000/0500 VUs  0m34.3s/9m10s  0070.00 iters/s
member   [   6% ] 0000/0200 VUs  0m34.3s/9m10s  0030.00 iters/s

running (0m42.9s), 0000/0700 VUs, 2891 complete and 0 interrupted iterations
guest    [   6% ] 0000/0500 VUs  0m35.3s/9m10s  0070.00 iters/s
member   [   6% ] 0000/0200 VUs  0m35.3s/9m10s  0030.00 iters/s

running (0m43.9s), 0000/0700 VUs, 2991 complete and 0 interrupted iterations
guest    [   7% ] 0000/0500 VUs  0m36.3s/9m10s  0070.00 iters/s
member   [   7% ] 0000/0200 VUs  0m36.3s/9m10s  0030.00 iters/s

running (0m44.9s), 0000/0700 VUs, 3091 complete and 0 interrupted iterations
guest    [   7% ] 0000/0500 VUs  0m37.3s/9m10s  0070.00 iters/s
member   [   7% ] 0000/0200 VUs  0m37.3s/9m10s  0030.00 iters/s

running (0m45.9s), 0000/0700 VUs, 3191 complete and 0 interrupted iterations
guest    [   7% ] 0000/0500 VUs  0m38.3s/9m10s  0070.00 iters/s
member   [   7% ] 0000/0200 VUs  0m38.3s/9m10s  0030.00 iters/s

running (0m46.9s), 0000/0700 VUs, 3291 complete and 0 interrupted iterations
guest    [   7% ] 0000/0500 VUs  0m39.3s/9m10s  0070.00 iters/s
member   [   7% ] 0000/0200 VUs  0m39.3s/9m10s  0030.00 iters/s

running (0m47.9s), 0000/0700 VUs, 3391 complete and 0 interrupted iterations
guest    [   7% ] 0000/0500 VUs  0m40.3s/9m10s  0070.00 iters/s
member   [   7% ] 0000/0200 VUs  0m40.3s/9m10s  0030.00 iters/s

running (0m48.9s), 0000/0700 VUs, 3491 complete and 0 interrupted iterations
guest    [   8% ] 0000/0500 VUs  0m41.3s/9m10s  0070.00 iters/s
member   [   8% ] 0000/0200 VUs  0m41.3s/9m10s  0030.00 iters/s

running (0m49.9s), 0000/0700 VUs, 3591 complete and 0 interrupted iterations
guest    [   8% ] 0000/0500 VUs  0m42.3s/9m10s  0070.00 iters/s
member   [   8% ] 0000/0200 VUs  0m42.3s/9m10s  0030.00 iters/s

running (0m50.9s), 0000/0700 VUs, 3691 complete and 0 interrupted iterations
guest    [   8% ] 0000/0500 VUs  0m43.3s/9m10s  0070.00 iters/s
member   [   8% ] 0000/0200 VUs  0m43.3s/9m10s  0030.00 iters/s

running (0m51.9s), 0000/0700 VUs, 3791 complete and 0 interrupted iterations
guest    [   8% ] 0000/0500 VUs  0m44.3s/9m10s  0070.00 iters/s
member   [   8% ] 0000/0200 VUs  0m44.3s/9m10s  0030.00 iters/s

running (0m52.9s), 0000/0700 VUs, 3891 complete and 0 interrupted iterations
guest    [   8% ] 0000/0500 VUs  0m45.3s/9m10s  0070.00 iters/s
member   [   8% ] 0000/0200 VUs  0m45.3s/9m10s  0030.00 iters/s

running (0m53.9s), 0001/0700 VUs, 3991 complete and 0 interrupted iterations
guest    [   8% ] 0001/0500 VUs  0m46.3s/9m10s  0070.00 iters/s
member   [   8% ] 0000/0200 VUs  0m46.3s/9m10s  0030.00 iters/s

running (0m54.9s), 0000/0700 VUs, 4091 complete and 0 interrupted iterations
guest    [   9% ] 0000/0500 VUs  0m47.3s/9m10s  0070.00 iters/s
member   [   9% ] 0000/0200 VUs  0m47.3s/9m10s  0030.00 iters/s

running (0m55.9s), 0001/0700 VUs, 4190 complete and 0 interrupted iterations
guest    [   9% ] 0001/0500 VUs  0m48.3s/9m10s  0070.00 iters/s
member   [   9% ] 0000/0200 VUs  0m48.3s/9m10s  0030.00 iters/s

running (0m56.9s), 0000/0700 VUs, 4291 complete and 0 interrupted iterations
guest    [   9% ] 0000/0500 VUs  0m49.3s/9m10s  0070.00 iters/s
member   [   9% ] 0000/0200 VUs  0m49.3s/9m10s  0030.00 iters/s

running (0m57.9s), 0000/0700 VUs, 4391 complete and 0 interrupted iterations
guest    [   9% ] 0000/0500 VUs  0m50.3s/9m10s  0070.00 iters/s
member   [   9% ] 0000/0200 VUs  0m50.3s/9m10s  0030.00 iters/s

running (0m58.9s), 0000/0700 VUs, 4491 complete and 0 interrupted iterations
guest    [   9% ] 0000/0500 VUs  0m51.3s/9m10s  0070.00 iters/s
member   [   9% ] 0000/0200 VUs  0m51.3s/9m10s  0030.00 iters/s

running (0m59.9s), 0000/0700 VUs, 4591 complete and 0 interrupted iterations
guest    [  10% ] 0000/0500 VUs  0m52.3s/9m10s  0070.00 iters/s
member   [  10% ] 0000/0200 VUs  0m52.3s/9m10s  0030.00 iters/s

running (1m00.9s), 0000/0700 VUs, 4691 complete and 0 interrupted iterations
guest    [  10% ] 0000/0500 VUs  0m53.3s/9m10s  0070.00 iters/s
member   [  10% ] 0000/0200 VUs  0m53.3s/9m10s  0030.00 iters/s

running (1m01.9s), 0000/0700 VUs, 4791 complete and 0 interrupted iterations
guest    [  10% ] 0000/0500 VUs  0m54.3s/9m10s  0070.00 iters/s
member   [  10% ] 0000/0200 VUs  0m54.3s/9m10s  0030.00 iters/s

running (1m02.9s), 0000/0700 VUs, 4891 complete and 0 interrupted iterations
guest    [  10% ] 0000/0500 VUs  0m55.3s/9m10s  0070.00 iters/s
member   [  10% ] 0000/0200 VUs  0m55.3s/9m10s  0030.00 iters/s

running (1m03.9s), 0000/0700 VUs, 4991 complete and 0 interrupted iterations
guest    [  10% ] 0000/0500 VUs  0m56.3s/9m10s  0070.00 iters/s
member   [  10% ] 0000/0200 VUs  0m56.3s/9m10s  0030.00 iters/s

running (1m04.9s), 0000/0700 VUs, 5091 complete and 0 interrupted iterations
guest    [  10% ] 0000/0500 VUs  0m57.3s/9m10s  0070.00 iters/s
member   [  10% ] 0000/0200 VUs  0m57.3s/9m10s  0030.00 iters/s

running (1m05.9s), 0000/0700 VUs, 5191 complete and 0 interrupted iterations
guest    [  11% ] 0000/0500 VUs  0m58.3s/9m10s  0070.00 iters/s
member   [  11% ] 0000/0200 VUs  0m58.3s/9m10s  0030.00 iters/s

running (1m06.9s), 0000/0700 VUs, 5291 complete and 0 interrupted iterations
guest    [  11% ] 0000/0500 VUs  0m59.3s/9m10s  0070.00 iters/s
member   [  11% ] 0000/0200 VUs  0m59.3s/9m10s  0030.00 iters/s

running (1m07.9s), 0001/0700 VUs, 5391 complete and 0 interrupted iterations
guest    [  11% ] 0001/0500 VUs  1m00.3s/9m10s  0072.12 iters/s
member   [  11% ] 0000/0200 VUs  1m00.3s/9m10s  0030.89 iters/s

running (1m08.9s), 0001/0700 VUs, 5499 complete and 0 interrupted iterations
guest    [  11% ] 0000/0500 VUs  1m01.3s/9m10s  0079.06 iters/s
member   [  11% ] 0001/0200 VUs  1m01.3s/9m10s  0033.94 iters/s

running (1m09.9s), 0001/0700 VUs, 5617 complete and 0 interrupted iterations
guest    [  11% ] 0001/0500 VUs  1m02.3s/9m10s  0086.10 iters/s
member   [  11% ] 0000/0200 VUs  1m02.3s/9m10s  0036.91 iters/s

running (1m10.9s), 0000/0700 VUs, 5745 complete and 0 interrupted iterations
guest    [  12% ] 0000/0500 VUs  1m03.3s/9m10s  0093.05 iters/s
member   [  12% ] 0000/0200 VUs  1m03.3s/9m10s  0039.87 iters/s

running (1m11.9s), 0002/0700 VUs, 5882 complete and 0 interrupted iterations
guest    [  12% ] 0001/0500 VUs  1m04.3s/9m10s  0100.08 iters/s
member   [  12% ] 0001/0200 VUs  1m04.3s/9m10s  0042.92 iters/s

running (1m12.9s), 0001/0700 VUs, 6031 complete and 0 interrupted iterations
guest    [  12% ] 0001/0500 VUs  1m05.3s/9m10s  0107.11 iters/s
member   [  12% ] 0000/0200 VUs  1m05.3s/9m10s  0045.89 iters/s

running (1m13.9s), 0002/0700 VUs, 6188 complete and 0 interrupted iterations
guest    [  12% ] 0001/0500 VUs  1m06.3s/9m10s  0114.07 iters/s
member   [  12% ] 0001/0200 VUs  1m06.3s/9m10s  0048.93 iters/s

running (1m14.9s), 0001/0700 VUs, 6357 complete and 0 interrupted iterations
guest    [  12% ] 0001/0500 VUs  1m07.3s/9m10s  0121.10 iters/s
member   [  12% ] 0000/0200 VUs  1m07.3s/9m10s  0051.90 iters/s

running (1m15.9s), 0001/0700 VUs, 6535 complete and 0 interrupted iterations
guest    [  12% ] 0001/0500 VUs  1m08.3s/9m10s  0128.12 iters/s
member   [  12% ] 0000/0200 VUs  1m08.3s/9m10s  0054.88 iters/s

running (1m16.9s), 0002/0700 VUs, 6722 complete and 0 interrupted iterations
guest    [  13% ] 0001/0500 VUs  1m09.3s/9m10s  0135.09 iters/s
member   [  13% ] 0001/0200 VUs  1m09.3s/9m10s  0057.91 iters/s

running (1m17.9s), 0001/0700 VUs, 6921 complete and 0 interrupted iterations
guest    [  13% ] 0001/0500 VUs  1m10.3s/9m10s  0142.11 iters/s
member   [  13% ] 0000/0200 VUs  1m10.3s/9m10s  0060.89 iters/s

running (1m18.9s), 0001/0700 VUs, 7129 complete and 0 interrupted iterations
guest    [  13% ] 0000/0500 VUs  1m11.3s/9m10s  0149.08 iters/s
member   [  13% ] 0001/0200 VUs  1m11.3s/9m10s  0063.92 iters/s

running (1m19.9s), 0001/0700 VUs, 7347 complete and 0 interrupted iterations
guest    [  13% ] 0001/0500 VUs  1m12.3s/9m10s  0156.10 iters/s
member   [  13% ] 0000/0200 VUs  1m12.3s/9m10s  0066.90 iters/s

running (1m20.9s), 0000/0700 VUs, 7575 complete and 0 interrupted iterations
guest    [  13% ] 0000/0500 VUs  1m13.3s/9m10s  0163.07 iters/s
member   [  13% ] 0000/0200 VUs  1m13.3s/9m10s  0069.89 iters/s

running (1m21.9s), 0002/0700 VUs, 7812 complete and 0 interrupted iterations
guest    [  14% ] 0001/0500 VUs  1m14.3s/9m10s  0170.09 iters/s
member   [  14% ] 0001/0200 VUs  1m14.3s/9m10s  0072.91 iters/s

running (1m22.9s), 0000/0700 VUs, 8061 complete and 0 interrupted iterations
guest    [  14% ] 0000/0500 VUs  1m15.3s/9m10s  0175.00 iters/s
member   [  14% ] 0000/0200 VUs  1m15.3s/9m10s  0075.00 iters/s

running (1m23.9s), 0000/0700 VUs, 8311 complete and 0 interrupted iterations
guest    [  14% ] 0000/0500 VUs  1m16.3s/9m10s  0175.00 iters/s
member   [  14% ] 0000/0200 VUs  1m16.3s/9m10s  0075.00 iters/s

running (1m24.9s), 0000/0700 VUs, 8561 complete and 0 interrupted iterations
guest    [  14% ] 0000/0500 VUs  1m17.3s/9m10s  0175.00 iters/s
member   [  14% ] 0000/0200 VUs  1m17.3s/9m10s  0075.00 iters/s

running (1m25.9s), 0000/0700 VUs, 8811 complete and 0 interrupted iterations
guest    [  14% ] 0000/0500 VUs  1m18.3s/9m10s  0175.00 iters/s
member   [  14% ] 0000/0200 VUs  1m18.3s/9m10s  0075.00 iters/s

running (1m26.9s), 0000/0700 VUs, 9061 complete and 0 interrupted iterations
guest    [  14% ] 0000/0500 VUs  1m19.3s/9m10s  0175.00 iters/s
member   [  14% ] 0000/0200 VUs  1m19.3s/9m10s  0075.00 iters/s

running (1m27.9s), 0000/0700 VUs, 9311 complete and 0 interrupted iterations
guest    [  15% ] 0000/0500 VUs  1m20.3s/9m10s  0175.00 iters/s
member   [  15% ] 0000/0200 VUs  1m20.3s/9m10s  0075.00 iters/s

running (1m28.9s), 0000/0700 VUs, 9561 complete and 0 interrupted iterations
guest    [  15% ] 0000/0500 VUs  1m21.3s/9m10s  0175.00 iters/s
member   [  15% ] 0000/0200 VUs  1m21.3s/9m10s  0075.00 iters/s

running (1m29.9s), 0000/0700 VUs, 9811 complete and 0 interrupted iterations
guest    [  15% ] 0000/0500 VUs  1m22.3s/9m10s  0175.00 iters/s
member   [  15% ] 0000/0200 VUs  1m22.3s/9m10s  0075.00 iters/s

running (1m30.9s), 0000/0700 VUs, 10061 complete and 0 interrupted iterations
guest    [  15% ] 0000/0500 VUs  1m23.3s/9m10s  0175.00 iters/s
member   [  15% ] 0000/0200 VUs  1m23.3s/9m10s  0075.00 iters/s

running (1m31.9s), 0000/0700 VUs, 10311 complete and 0 interrupted iterations
guest    [  15% ] 0000/0500 VUs  1m24.3s/9m10s  0175.00 iters/s
member   [  15% ] 0000/0200 VUs  1m24.3s/9m10s  0075.00 iters/s

running (1m32.9s), 0002/0700 VUs, 10559 complete and 0 interrupted iterations
guest    [  16% ] 0001/0500 VUs  1m25.3s/9m10s  0175.00 iters/s
member   [  16% ] 0001/0200 VUs  1m25.3s/9m10s  0075.00 iters/s

running (1m33.9s), 0000/0700 VUs, 10811 complete and 0 interrupted iterations
guest    [  16% ] 0000/0500 VUs  1m26.3s/9m10s  0175.00 iters/s
member   [  16% ] 0000/0200 VUs  1m26.3s/9m10s  0075.00 iters/s

running (1m34.9s), 0000/0700 VUs, 11061 complete and 0 interrupted iterations
guest    [  16% ] 0000/0500 VUs  1m27.3s/9m10s  0175.00 iters/s
member   [  16% ] 0000/0200 VUs  1m27.3s/9m10s  0075.00 iters/s

running (1m35.9s), 0000/0700 VUs, 11311 complete and 0 interrupted iterations
guest    [  16% ] 0000/0500 VUs  1m28.3s/9m10s  0175.00 iters/s
member   [  16% ] 0000/0200 VUs  1m28.3s/9m10s  0075.00 iters/s

running (1m36.9s), 0000/0700 VUs, 11561 complete and 0 interrupted iterations
guest    [  16% ] 0000/0500 VUs  1m29.3s/9m10s  0175.00 iters/s
member   [  16% ] 0000/0200 VUs  1m29.3s/9m10s  0075.00 iters/s

running (1m37.9s), 0002/0700 VUs, 11809 complete and 0 interrupted iterations
guest    [  16% ] 0001/0500 VUs  1m30.3s/9m10s  0175.00 iters/s
member   [  16% ] 0001/0200 VUs  1m30.3s/9m10s  0075.00 iters/s

running (1m38.9s), 0001/0700 VUs, 12060 complete and 0 interrupted iterations
guest    [  17% ] 0001/0500 VUs  1m31.3s/9m10s  0175.00 iters/s
member   [  17% ] 0000/0200 VUs  1m31.3s/9m10s  0075.00 iters/s

running (1m39.9s), 0000/0700 VUs, 12311 complete and 0 interrupted iterations
guest    [  17% ] 0000/0500 VUs  1m32.3s/9m10s  0175.00 iters/s
member   [  17% ] 0000/0200 VUs  1m32.3s/9m10s  0075.00 iters/s

running (1m40.9s), 0000/0700 VUs, 12561 complete and 0 interrupted iterations
guest    [  17% ] 0000/0500 VUs  1m33.3s/9m10s  0175.00 iters/s
member   [  17% ] 0000/0200 VUs  1m33.3s/9m10s  0075.00 iters/s

running (1m41.9s), 0000/0700 VUs, 12811 complete and 0 interrupted iterations
guest    [  17% ] 0000/0500 VUs  1m34.3s/9m10s  0175.00 iters/s
member   [  17% ] 0000/0200 VUs  1m34.3s/9m10s  0075.00 iters/s

running (1m42.9s), 0000/0700 VUs, 13061 complete and 0 interrupted iterations
guest    [  17% ] 0000/0500 VUs  1m35.3s/9m10s  0175.00 iters/s
member   [  17% ] 0000/0200 VUs  1m35.3s/9m10s  0075.00 iters/s

running (1m43.9s), 0000/0700 VUs, 13311 complete and 0 interrupted iterations
guest    [  18% ] 0000/0500 VUs  1m36.3s/9m10s  0175.00 iters/s
member   [  18% ] 0000/0200 VUs  1m36.3s/9m10s  0075.00 iters/s

running (1m44.9s), 0000/0700 VUs, 13561 complete and 0 interrupted iterations
guest    [  18% ] 0000/0500 VUs  1m37.3s/9m10s  0175.00 iters/s
member   [  18% ] 0000/0200 VUs  1m37.3s/9m10s  0075.00 iters/s

running (1m45.9s), 0000/0700 VUs, 13811 complete and 0 interrupted iterations
guest    [  18% ] 0000/0500 VUs  1m38.3s/9m10s  0175.00 iters/s
member   [  18% ] 0000/0200 VUs  1m38.3s/9m10s  0075.00 iters/s

running (1m46.9s), 0001/0700 VUs, 14060 complete and 0 interrupted iterations
guest    [  18% ] 0001/0500 VUs  1m39.3s/9m10s  0175.00 iters/s
member   [  18% ] 0000/0200 VUs  1m39.3s/9m10s  0075.00 iters/s

running (1m47.9s), 0000/0700 VUs, 14311 complete and 0 interrupted iterations
guest    [  18% ] 0000/0500 VUs  1m40.3s/9m10s  0175.00 iters/s
member   [  18% ] 0000/0200 VUs  1m40.3s/9m10s  0075.00 iters/s

running (1m48.9s), 0000/0700 VUs, 14561 complete and 0 interrupted iterations
guest    [  18% ] 0000/0500 VUs  1m41.3s/9m10s  0175.00 iters/s
member   [  18% ] 0000/0200 VUs  1m41.3s/9m10s  0075.00 iters/s

running (1m49.9s), 0000/0700 VUs, 14811 complete and 0 interrupted iterations
guest    [  19% ] 0000/0500 VUs  1m42.3s/9m10s  0175.00 iters/s
member   [  19% ] 0000/0200 VUs  1m42.3s/9m10s  0075.00 iters/s

running (1m50.9s), 0000/0700 VUs, 15061 complete and 0 interrupted iterations
guest    [  19% ] 0000/0500 VUs  1m43.3s/9m10s  0175.00 iters/s
member   [  19% ] 0000/0200 VUs  1m43.3s/9m10s  0075.00 iters/s

running (1m51.9s), 0000/0700 VUs, 15311 complete and 0 interrupted iterations
guest    [  19% ] 0000/0500 VUs  1m44.3s/9m10s  0175.00 iters/s
member   [  19% ] 0000/0200 VUs  1m44.3s/9m10s  0075.00 iters/s

running (1m52.9s), 0002/0700 VUs, 15559 complete and 0 interrupted iterations
guest    [  19% ] 0001/0500 VUs  1m45.3s/9m10s  0175.00 iters/s
member   [  19% ] 0001/0200 VUs  1m45.3s/9m10s  0075.00 iters/s

running (1m53.9s), 0000/0700 VUs, 15811 complete and 0 interrupted iterations
guest    [  19% ] 0000/0500 VUs  1m46.3s/9m10s  0175.00 iters/s
member   [  19% ] 0000/0200 VUs  1m46.3s/9m10s  0075.00 iters/s
time="2026-04-21T18:52:21+09:00" level=warning msg="The test has generated metrics with 100152 unique time series, which is higher than the suggested limit of 100000 and could cause high memory usage. Consider not using high-cardinality values like unique IDs as metric tags or, if you need them in the URL, use the name metric tag or URL grouping. See https://grafana.com/docs/k6/latest/using-k6/tags-and-groups/ for details." component=metrics-engine-ingester

running (1m54.9s), 0000/0700 VUs, 16061 complete and 0 interrupted iterations
guest    [  20% ] 0000/0500 VUs  1m47.3s/9m10s  0175.00 iters/s
member   [  20% ] 0000/0200 VUs  1m47.3s/9m10s  0075.00 iters/s

running (1m55.9s), 0000/0700 VUs, 16311 complete and 0 interrupted iterations
guest    [  20% ] 0000/0500 VUs  1m48.3s/9m10s  0175.00 iters/s
member   [  20% ] 0000/0200 VUs  1m48.3s/9m10s  0075.00 iters/s

running (1m56.9s), 0000/0700 VUs, 16561 complete and 0 interrupted iterations
guest    [  20% ] 0000/0500 VUs  1m49.3s/9m10s  0175.00 iters/s
member   [  20% ] 0000/0200 VUs  1m49.3s/9m10s  0075.00 iters/s

running (1m57.9s), 0002/0700 VUs, 16810 complete and 0 interrupted iterations
guest    [  20% ] 0002/0500 VUs  1m50.3s/9m10s  0175.00 iters/s
member   [  20% ] 0000/0200 VUs  1m50.3s/9m10s  0075.00 iters/s

running (1m58.9s), 0000/0700 VUs, 17061 complete and 0 interrupted iterations
guest    [  20% ] 0000/0500 VUs  1m51.3s/9m10s  0175.00 iters/s
member   [  20% ] 0000/0200 VUs  1m51.3s/9m10s  0075.00 iters/s

running (1m59.9s), 0000/0700 VUs, 17311 complete and 0 interrupted iterations
guest    [  20% ] 0000/0500 VUs  1m52.3s/9m10s  0175.00 iters/s
member   [  20% ] 0000/0200 VUs  1m52.3s/9m10s  0075.00 iters/s

running (2m00.9s), 0000/0700 VUs, 17561 complete and 0 interrupted iterations
guest    [  21% ] 0000/0500 VUs  1m53.3s/9m10s  0175.00 iters/s
member   [  21% ] 0000/0200 VUs  1m53.3s/9m10s  0075.00 iters/s

running (2m01.9s), 0000/0700 VUs, 17811 complete and 0 interrupted iterations
guest    [  21% ] 0000/0500 VUs  1m54.3s/9m10s  0175.00 iters/s
member   [  21% ] 0000/0200 VUs  1m54.3s/9m10s  0075.00 iters/s

running (2m02.9s), 0001/0700 VUs, 18060 complete and 0 interrupted iterations
guest    [  21% ] 0001/0500 VUs  1m55.3s/9m10s  0175.00 iters/s
member   [  21% ] 0000/0200 VUs  1m55.3s/9m10s  0075.00 iters/s

running (2m03.9s), 0000/0700 VUs, 18311 complete and 0 interrupted iterations
guest    [  21% ] 0000/0500 VUs  1m56.3s/9m10s  0175.00 iters/s
member   [  21% ] 0000/0200 VUs  1m56.3s/9m10s  0075.00 iters/s

running (2m04.9s), 0000/0700 VUs, 18561 complete and 0 interrupted iterations
guest    [  21% ] 0000/0500 VUs  1m57.3s/9m10s  0175.00 iters/s
member   [  21% ] 0000/0200 VUs  1m57.3s/9m10s  0075.00 iters/s

running (2m05.9s), 0000/0700 VUs, 18811 complete and 0 interrupted iterations
guest    [  22% ] 0000/0500 VUs  1m58.3s/9m10s  0175.00 iters/s
member   [  22% ] 0000/0200 VUs  1m58.3s/9m10s  0075.00 iters/s

running (2m06.9s), 0000/0700 VUs, 19061 complete and 0 interrupted iterations
guest    [  22% ] 0000/0500 VUs  1m59.3s/9m10s  0175.00 iters/s
member   [  22% ] 0000/0200 VUs  1m59.3s/9m10s  0075.00 iters/s

running (2m07.9s), 0001/0700 VUs, 19311 complete and 0 interrupted iterations
guest    [  22% ] 0001/0500 VUs  2m00.3s/9m10s  0178.50 iters/s
member   [  22% ] 0000/0200 VUs  2m00.3s/9m10s  0076.49 iters/s

running (2m08.9s), 0000/0700 VUs, 19575 complete and 0 interrupted iterations
guest    [  22% ] 0000/0500 VUs  2m01.3s/9m10s  0190.14 iters/s
member   [  22% ] 0000/0200 VUs  2m01.3s/9m10s  0081.49 iters/s

running (2m09.9s), 0000/0700 VUs, 19855 complete and 0 interrupted iterations
guest    [  22% ] 0000/0500 VUs  2m02.3s/9m10s  0201.81 iters/s
member   [  22% ] 0000/0200 VUs  2m02.3s/9m10s  0086.49 iters/s

running (2m10.9s), 0001/0700 VUs, 20151 complete and 0 interrupted iterations
guest    [  22% ] 0001/0500 VUs  2m03.3s/9m10s  0213.50 iters/s
member   [  22% ] 0000/0200 VUs  2m03.3s/9m10s  0091.49 iters/s

running (2m11.9s), 0000/0700 VUs, 20465 complete and 0 interrupted iterations
guest    [  23% ] 0000/0500 VUs  2m04.3s/9m10s  0225.15 iters/s
member   [  23% ] 0000/0200 VUs  2m04.3s/9m10s  0096.49 iters/s

running (2m12.9s), 0001/0700 VUs, 20794 complete and 0 interrupted iterations
guest    [  23% ] 0001/0500 VUs  2m05.3s/9m10s  0236.82 iters/s
member   [  23% ] 0000/0200 VUs  2m05.3s/9m10s  0101.49 iters/s

running (2m13.9s), 0001/0700 VUs, 21141 complete and 0 interrupted iterations
guest    [  23% ] 0001/0500 VUs  2m06.3s/9m10s  0248.50 iters/s
member   [  23% ] 0000/0200 VUs  2m06.3s/9m10s  0106.49 iters/s

running (2m14.9s), 0001/0700 VUs, 21504 complete and 0 interrupted iterations
guest    [  23% ] 0001/0500 VUs  2m07.3s/9m10s  0260.15 iters/s
member   [  23% ] 0000/0200 VUs  2m07.3s/9m10s  0111.49 iters/s

running (2m15.9s), 0001/0700 VUs, 21884 complete and 0 interrupted iterations
guest    [  23% ] 0001/0500 VUs  2m08.3s/9m10s  0271.82 iters/s
member   [  23% ] 0000/0200 VUs  2m08.3s/9m10s  0116.49 iters/s

running (2m16.9s), 0001/0700 VUs, 22281 complete and 0 interrupted iterations
guest    [  24% ] 0001/0500 VUs  2m09.3s/9m10s  0283.50 iters/s
member   [  24% ] 0000/0200 VUs  2m09.3s/9m10s  0121.49 iters/s

running (2m17.9s), 0001/0700 VUs, 22694 complete and 0 interrupted iterations
guest    [  24% ] 0001/0500 VUs  2m10.3s/9m10s  0295.15 iters/s
member   [  24% ] 0000/0200 VUs  2m10.3s/9m10s  0126.49 iters/s

running (2m18.9s), 0001/0700 VUs, 23124 complete and 0 interrupted iterations
guest    [  24% ] 0001/0500 VUs  2m11.3s/9m10s  0306.82 iters/s
member   [  24% ] 0000/0200 VUs  2m11.3s/9m10s  0131.49 iters/s

running (2m19.9s), 0001/0700 VUs, 23571 complete and 0 interrupted iterations
guest    [  24% ] 0001/0500 VUs  2m12.3s/9m10s  0318.50 iters/s
member   [  24% ] 0000/0200 VUs  2m12.3s/9m10s  0136.49 iters/s

running (2m20.9s), 0001/0700 VUs, 24034 complete and 0 interrupted iterations
guest    [  24% ] 0001/0500 VUs  2m13.3s/9m10s  0330.15 iters/s
member   [  24% ] 0000/0200 VUs  2m13.3s/9m10s  0141.49 iters/s

running (2m21.9s), 0001/0700 VUs, 24514 complete and 0 interrupted iterations
guest    [  24% ] 0001/0500 VUs  2m14.3s/9m10s  0341.82 iters/s
member   [  24% ] 0000/0200 VUs  2m14.3s/9m10s  0146.49 iters/s

running (2m22.9s), 0002/0700 VUs, 25009 complete and 0 interrupted iterations
guest    [  25% ] 0001/0500 VUs  2m15.3s/9m10s  0350.00 iters/s
member   [  25% ] 0001/0200 VUs  2m15.3s/9m10s  0150.00 iters/s

running (2m23.9s), 0002/0700 VUs, 25509 complete and 0 interrupted iterations
guest    [  25% ] 0001/0500 VUs  2m16.3s/9m10s  0350.00 iters/s
member   [  25% ] 0001/0200 VUs  2m16.3s/9m10s  0150.00 iters/s

running (2m24.9s), 0002/0700 VUs, 26009 complete and 0 interrupted iterations
guest    [  25% ] 0001/0500 VUs  2m17.3s/9m10s  0350.00 iters/s
member   [  25% ] 0001/0200 VUs  2m17.3s/9m10s  0150.00 iters/s

running (2m25.9s), 0002/0700 VUs, 26509 complete and 0 interrupted iterations
guest    [  25% ] 0001/0500 VUs  2m18.3s/9m10s  0350.00 iters/s
member   [  25% ] 0001/0200 VUs  2m18.3s/9m10s  0150.00 iters/s

running (2m26.9s), 0002/0700 VUs, 27009 complete and 0 interrupted iterations
guest    [  25% ] 0001/0500 VUs  2m19.3s/9m10s  0350.00 iters/s
member   [  25% ] 0001/0200 VUs  2m19.3s/9m10s  0150.00 iters/s

running (2m27.9s), 0002/0700 VUs, 27509 complete and 0 interrupted iterations
guest    [  26% ] 0001/0500 VUs  2m20.3s/9m10s  0350.00 iters/s
member   [  26% ] 0001/0200 VUs  2m20.3s/9m10s  0150.00 iters/s

running (2m28.9s), 0002/0700 VUs, 28009 complete and 0 interrupted iterations
guest    [  26% ] 0001/0500 VUs  2m21.3s/9m10s  0350.00 iters/s
member   [  26% ] 0001/0200 VUs  2m21.3s/9m10s  0150.00 iters/s

running (2m29.9s), 0002/0700 VUs, 28509 complete and 0 interrupted iterations
guest    [  26% ] 0001/0500 VUs  2m22.3s/9m10s  0350.00 iters/s
member   [  26% ] 0001/0200 VUs  2m22.3s/9m10s  0150.00 iters/s

running (2m30.9s), 0002/0700 VUs, 29009 complete and 0 interrupted iterations
guest    [  26% ] 0001/0500 VUs  2m23.3s/9m10s  0350.00 iters/s
member   [  26% ] 0001/0200 VUs  2m23.3s/9m10s  0150.00 iters/s

running (2m31.9s), 0002/0700 VUs, 29509 complete and 0 interrupted iterations
guest    [  26% ] 0001/0500 VUs  2m24.3s/9m10s  0350.00 iters/s
member   [  26% ] 0001/0200 VUs  2m24.3s/9m10s  0150.00 iters/s

running (2m32.9s), 0002/0700 VUs, 30009 complete and 0 interrupted iterations
guest    [  26% ] 0001/0500 VUs  2m25.3s/9m10s  0350.00 iters/s
member   [  26% ] 0001/0200 VUs  2m25.3s/9m10s  0150.00 iters/s

running (2m33.9s), 0002/0700 VUs, 30509 complete and 0 interrupted iterations
guest    [  27% ] 0001/0500 VUs  2m26.3s/9m10s  0350.00 iters/s
member   [  27% ] 0001/0200 VUs  2m26.3s/9m10s  0150.00 iters/s

running (2m34.9s), 0002/0700 VUs, 31009 complete and 0 interrupted iterations
guest    [  27% ] 0001/0500 VUs  2m27.3s/9m10s  0350.00 iters/s
member   [  27% ] 0001/0200 VUs  2m27.3s/9m10s  0150.00 iters/s

running (2m35.9s), 0001/0700 VUs, 31510 complete and 0 interrupted iterations
guest    [  27% ] 0001/0500 VUs  2m28.3s/9m10s  0350.00 iters/s
member   [  27% ] 0000/0200 VUs  2m28.3s/9m10s  0150.00 iters/s

running (2m36.9s), 0002/0700 VUs, 32009 complete and 0 interrupted iterations
guest    [  27% ] 0001/0500 VUs  2m29.3s/9m10s  0350.00 iters/s
member   [  27% ] 0001/0200 VUs  2m29.3s/9m10s  0150.00 iters/s
time="2026-04-21T18:53:03+09:00" level=warning msg="The test has generated metrics with 200295 unique time series, which is higher than the suggested limit of 100000 and could cause high memory usage. Consider not using high-cardinality values like unique IDs as metric tags or, if you need them in the URL, use the name metric tag or URL grouping. See https://grafana.com/docs/k6/latest/using-k6/tags-and-groups/ for details." component=metrics-engine-ingester

running (2m37.9s), 0002/0700 VUs, 32509 complete and 0 interrupted iterations
guest    [  27% ] 0001/0500 VUs  2m30.3s/9m10s  0350.00 iters/s
member   [  27% ] 0001/0200 VUs  2m30.3s/9m10s  0150.00 iters/s

running (2m38.9s), 0004/0700 VUs, 33007 complete and 0 interrupted iterations
guest    [  28% ] 0003/0500 VUs  2m31.3s/9m10s  0350.00 iters/s
member   [  28% ] 0001/0200 VUs  2m31.3s/9m10s  0150.00 iters/s

running (2m39.9s), 0001/0700 VUs, 33510 complete and 0 interrupted iterations
guest    [  28% ] 0001/0500 VUs  2m32.3s/9m10s  0350.00 iters/s
member   [  28% ] 0000/0200 VUs  2m32.3s/9m10s  0150.00 iters/s

running (2m40.9s), 0002/0700 VUs, 34009 complete and 0 interrupted iterations
guest    [  28% ] 0001/0500 VUs  2m33.3s/9m10s  0350.00 iters/s
member   [  28% ] 0001/0200 VUs  2m33.3s/9m10s  0150.00 iters/s

running (2m41.9s), 0001/0700 VUs, 34510 complete and 0 interrupted iterations
guest    [  28% ] 0001/0500 VUs  2m34.3s/9m10s  0350.00 iters/s
member   [  28% ] 0000/0200 VUs  2m34.3s/9m10s  0150.00 iters/s

running (2m42.9s), 0001/0700 VUs, 35010 complete and 0 interrupted iterations
guest    [  28% ] 0001/0500 VUs  2m35.3s/9m10s  0350.00 iters/s
member   [  28% ] 0000/0200 VUs  2m35.3s/9m10s  0150.00 iters/s

running (2m43.9s), 0002/0700 VUs, 35509 complete and 0 interrupted iterations
guest    [  28% ] 0001/0500 VUs  2m36.3s/9m10s  0350.00 iters/s
member   [  28% ] 0001/0200 VUs  2m36.3s/9m10s  0150.00 iters/s

running (2m44.9s), 0002/0700 VUs, 36009 complete and 0 interrupted iterations
guest    [  29% ] 0001/0500 VUs  2m37.3s/9m10s  0350.00 iters/s
member   [  29% ] 0001/0200 VUs  2m37.3s/9m10s  0150.00 iters/s

running (2m45.9s), 0002/0700 VUs, 36509 complete and 0 interrupted iterations
guest    [  29% ] 0001/0500 VUs  2m38.3s/9m10s  0350.00 iters/s
member   [  29% ] 0001/0200 VUs  2m38.3s/9m10s  0150.00 iters/s

running (2m46.9s), 0002/0700 VUs, 37009 complete and 0 interrupted iterations
guest    [  29% ] 0001/0500 VUs  2m39.3s/9m10s  0350.00 iters/s
member   [  29% ] 0001/0200 VUs  2m39.3s/9m10s  0150.00 iters/s

running (2m47.9s), 0001/0700 VUs, 37510 complete and 0 interrupted iterations
guest    [  29% ] 0001/0500 VUs  2m40.3s/9m10s  0350.00 iters/s
member   [  29% ] 0000/0200 VUs  2m40.3s/9m10s  0150.00 iters/s

running (2m48.9s), 0002/0700 VUs, 38009 complete and 0 interrupted iterations
guest    [  29% ] 0001/0500 VUs  2m41.3s/9m10s  0350.00 iters/s
member   [  29% ] 0001/0200 VUs  2m41.3s/9m10s  0150.00 iters/s

running (2m49.9s), 0002/0700 VUs, 38509 complete and 0 interrupted iterations
guest    [  30% ] 0001/0500 VUs  2m42.3s/9m10s  0350.00 iters/s
member   [  30% ] 0001/0200 VUs  2m42.3s/9m10s  0150.00 iters/s

running (2m50.9s), 0002/0700 VUs, 39009 complete and 0 interrupted iterations
guest    [  30% ] 0001/0500 VUs  2m43.3s/9m10s  0350.00 iters/s
member   [  30% ] 0001/0200 VUs  2m43.3s/9m10s  0150.00 iters/s

running (2m51.9s), 0002/0700 VUs, 39509 complete and 0 interrupted iterations
guest    [  30% ] 0001/0500 VUs  2m44.3s/9m10s  0350.00 iters/s
member   [  30% ] 0001/0200 VUs  2m44.3s/9m10s  0150.00 iters/s

running (2m52.9s), 0001/0700 VUs, 40010 complete and 0 interrupted iterations
guest    [  30% ] 0001/0500 VUs  2m45.3s/9m10s  0350.00 iters/s
member   [  30% ] 0000/0200 VUs  2m45.3s/9m10s  0150.00 iters/s

running (2m53.9s), 0001/0700 VUs, 40510 complete and 0 interrupted iterations
guest    [  30% ] 0001/0500 VUs  2m46.3s/9m10s  0350.00 iters/s
member   [  30% ] 0000/0200 VUs  2m46.3s/9m10s  0150.00 iters/s

running (2m54.9s), 0003/0700 VUs, 41008 complete and 0 interrupted iterations
guest    [  30% ] 0002/0500 VUs  2m47.3s/9m10s  0350.00 iters/s
member   [  30% ] 0001/0200 VUs  2m47.3s/9m10s  0150.00 iters/s

running (2m55.9s), 0002/0700 VUs, 41509 complete and 0 interrupted iterations
guest    [  31% ] 0001/0500 VUs  2m48.3s/9m10s  0350.00 iters/s
member   [  31% ] 0001/0200 VUs  2m48.3s/9m10s  0150.00 iters/s

running (2m56.9s), 0002/0700 VUs, 42009 complete and 0 interrupted iterations
guest    [  31% ] 0001/0500 VUs  2m49.3s/9m10s  0350.00 iters/s
member   [  31% ] 0001/0200 VUs  2m49.3s/9m10s  0150.00 iters/s

running (2m57.9s), 0002/0700 VUs, 42509 complete and 0 interrupted iterations
guest    [  31% ] 0001/0500 VUs  2m50.3s/9m10s  0350.00 iters/s
member   [  31% ] 0001/0200 VUs  2m50.3s/9m10s  0150.00 iters/s

running (2m58.9s), 0002/0700 VUs, 43009 complete and 0 interrupted iterations
guest    [  31% ] 0001/0500 VUs  2m51.3s/9m10s  0350.00 iters/s
member   [  31% ] 0001/0200 VUs  2m51.3s/9m10s  0150.00 iters/s

running (2m59.9s), 0002/0700 VUs, 43509 complete and 0 interrupted iterations
guest    [  31% ] 0001/0500 VUs  2m52.3s/9m10s  0350.00 iters/s
member   [  31% ] 0001/0200 VUs  2m52.3s/9m10s  0150.00 iters/s

running (3m00.9s), 0001/0700 VUs, 44010 complete and 0 interrupted iterations
guest    [  32% ] 0001/0500 VUs  2m53.3s/9m10s  0350.00 iters/s
member   [  32% ] 0000/0200 VUs  2m53.3s/9m10s  0150.00 iters/s

running (3m01.9s), 0001/0700 VUs, 44510 complete and 0 interrupted iterations
guest    [  32% ] 0001/0500 VUs  2m54.3s/9m10s  0350.00 iters/s
member   [  32% ] 0000/0200 VUs  2m54.3s/9m10s  0150.00 iters/s

running (3m02.9s), 0002/0700 VUs, 45009 complete and 0 interrupted iterations
guest    [  32% ] 0001/0500 VUs  2m55.3s/9m10s  0350.00 iters/s
member   [  32% ] 0001/0200 VUs  2m55.3s/9m10s  0150.00 iters/s

running (3m03.9s), 0002/0700 VUs, 45509 complete and 0 interrupted iterations
guest    [  32% ] 0001/0500 VUs  2m56.3s/9m10s  0350.00 iters/s
member   [  32% ] 0001/0200 VUs  2m56.3s/9m10s  0150.00 iters/s

running (3m04.9s), 0001/0700 VUs, 46010 complete and 0 interrupted iterations
guest    [  32% ] 0001/0500 VUs  2m57.3s/9m10s  0350.00 iters/s
member   [  32% ] 0000/0200 VUs  2m57.3s/9m10s  0150.00 iters/s

running (3m05.9s), 0002/0700 VUs, 46509 complete and 0 interrupted iterations
guest    [  32% ] 0001/0500 VUs  2m58.3s/9m10s  0350.00 iters/s
member   [  32% ] 0001/0200 VUs  2m58.3s/9m10s  0150.00 iters/s

running (3m06.9s), 0001/0700 VUs, 47010 complete and 0 interrupted iterations
guest    [  33% ] 0001/0500 VUs  2m59.3s/9m10s  0350.00 iters/s
member   [  33% ] 0000/0200 VUs  2m59.3s/9m10s  0150.00 iters/s

running (3m07.9s), 0002/0700 VUs, 47511 complete and 0 interrupted iterations
guest    [  33% ] 0001/0500 VUs  3m00.3s/9m10s  0356.96 iters/s
member   [  33% ] 0001/0200 VUs  3m00.3s/9m10s  0153.04 iters/s

running (3m08.9s), 0002/0700 VUs, 48038 complete and 0 interrupted iterations
guest    [  33% ] 0001/0500 VUs  3m01.3s/9m10s  0380.32 iters/s
member   [  33% ] 0001/0200 VUs  3m01.3s/9m10s  0163.03 iters/s

running (3m09.9s), 0015/0700 VUs, 48586 complete and 0 interrupted iterations
guest    [  33% ] 0008/0500 VUs  3m02.3s/9m10s  0403.71 iters/s
member   [  33% ] 0007/0200 VUs  3m02.3s/9m10s  0173.03 iters/s

running (3m10.9s), 0002/0700 VUs, 49191 complete and 0 interrupted iterations
guest    [  33% ] 0001/0500 VUs  3m03.3s/9m10s  0426.97 iters/s
member   [  33% ] 0001/0200 VUs  3m03.3s/9m10s  0183.03 iters/s

running (3m11.9s), 0002/0700 VUs, 49818 complete and 0 interrupted iterations
guest    [  34% ] 0001/0500 VUs  3m04.3s/9m10s  0450.32 iters/s
member   [  34% ] 0001/0200 VUs  3m04.3s/9m10s  0193.03 iters/s

running (3m12.9s), 0003/0700 VUs, 50477 complete and 0 interrupted iterations
guest    [  34% ] 0002/0500 VUs  3m05.3s/9m10s  0473.66 iters/s
member   [  34% ] 0001/0200 VUs  3m05.3s/9m10s  0203.03 iters/s

running (3m13.9s), 0003/0700 VUs, 51170 complete and 0 interrupted iterations
guest    [  34% ] 0001/0500 VUs  3m06.3s/9m10s  0496.97 iters/s
member   [  34% ] 0002/0200 VUs  3m06.3s/9m10s  0213.03 iters/s

running (3m14.9s), 0005/0700 VUs, 51895 complete and 0 interrupted iterations
guest    [  34% ] 0003/0500 VUs  3m07.3s/9m10s  0520.32 iters/s
member   [  34% ] 0002/0200 VUs  3m07.3s/9m10s  0223.02 iters/s

running (3m15.9s), 0003/0700 VUs, 52657 complete and 0 interrupted iterations
guest    [  34% ] 0002/0500 VUs  3m08.3s/9m10s  0543.66 iters/s
member   [  34% ] 0001/0200 VUs  3m08.3s/9m10s  0233.02 iters/s

running (3m16.9s), 0003/0700 VUs, 53450 complete and 0 interrupted iterations
guest    [  34% ] 0002/0500 VUs  3m09.3s/9m10s  0566.98 iters/s
member   [  34% ] 0001/0200 VUs  3m09.3s/9m10s  0243.02 iters/s

running (3m17.9s), 0005/0700 VUs, 54275 complete and 0 interrupted iterations
guest    [  35% ] 0003/0500 VUs  3m10.3s/9m10s  0590.32 iters/s
member   [  35% ] 0002/0200 VUs  3m10.3s/9m10s  0253.02 iters/s

running (3m18.9s), 0004/0700 VUs, 55136 complete and 0 interrupted iterations
guest    [  35% ] 0002/0500 VUs  3m11.3s/9m10s  0613.66 iters/s
member   [  35% ] 0002/0200 VUs  3m11.3s/9m10s  0263.02 iters/s

running (3m19.9s), 0006/0700 VUs, 56027 complete and 0 interrupted iterations
guest    [  35% ] 0003/0500 VUs  3m12.3s/9m10s  0636.98 iters/s
member   [  35% ] 0003/0200 VUs  3m12.3s/9m10s  0273.02 iters/s

running (3m20.9s), 0006/0700 VUs, 56954 complete and 0 interrupted iterations
guest    [  35% ] 0004/0500 VUs  3m13.3s/9m10s  0660.33 iters/s
member   [  35% ] 0002/0200 VUs  3m13.3s/9m10s  0283.02 iters/s

running (3m21.9s), 0008/0700 VUs, 57912 complete and 0 interrupted iterations
guest    [  35% ] 0005/0500 VUs  3m14.3s/9m10s  0683.66 iters/s
member   [  35% ] 0003/0200 VUs  3m14.3s/9m10s  0293.02 iters/s

running (3m22.9s), 0006/0700 VUs, 58905 complete and 0 interrupted iterations
guest    [  36% ] 0004/0500 VUs  3m15.3s/9m10s  0700.00 iters/s
member   [  36% ] 0002/0200 VUs  3m15.3s/9m10s  0300.00 iters/s

running (3m23.9s), 0005/0700 VUs, 59906 complete and 0 interrupted iterations
guest    [  36% ] 0003/0500 VUs  3m16.3s/9m10s  0700.00 iters/s
member   [  36% ] 0002/0200 VUs  3m16.3s/9m10s  0300.00 iters/s

running (3m24.9s), 0004/0700 VUs, 60907 complete and 0 interrupted iterations
guest    [  36% ] 0002/0500 VUs  3m17.3s/9m10s  0700.00 iters/s
member   [  36% ] 0002/0200 VUs  3m17.3s/9m10s  0300.00 iters/s

running (3m25.9s), 0004/0700 VUs, 61907 complete and 0 interrupted iterations
guest    [  36% ] 0003/0500 VUs  3m18.3s/9m10s  0700.00 iters/s
member   [  36% ] 0001/0200 VUs  3m18.3s/9m10s  0300.00 iters/s

running (3m26.9s), 0029/0700 VUs, 62881 complete and 0 interrupted iterations
guest    [  36% ] 0017/0500 VUs  3m19.3s/9m10s  0700.00 iters/s
member   [  36% ] 0012/0200 VUs  3m19.3s/9m10s  0300.00 iters/s

running (3m27.9s), 0008/0700 VUs, 63903 complete and 0 interrupted iterations
guest    [  36% ] 0005/0500 VUs  3m20.3s/9m10s  0700.00 iters/s
member   [  36% ] 0003/0200 VUs  3m20.3s/9m10s  0300.00 iters/s
time="2026-04-21T18:53:55+09:00" level=warning msg="The test has generated metrics with 400581 unique time series, which is higher than the suggested limit of 100000 and could cause high memory usage. Consider not using high-cardinality values like unique IDs as metric tags or, if you need them in the URL, use the name metric tag or URL grouping. See https://grafana.com/docs/k6/latest/using-k6/tags-and-groups/ for details." component=metrics-engine-ingester

running (3m28.9s), 0005/0700 VUs, 64906 complete and 0 interrupted iterations
guest    [  37% ] 0003/0500 VUs  3m21.3s/9m10s  0700.00 iters/s
member   [  37% ] 0002/0200 VUs  3m21.3s/9m10s  0300.00 iters/s

running (3m29.9s), 0004/0700 VUs, 65907 complete and 0 interrupted iterations
guest    [  37% ] 0002/0500 VUs  3m22.3s/9m10s  0700.00 iters/s
member   [  37% ] 0002/0200 VUs  3m22.3s/9m10s  0300.00 iters/s

running (3m30.9s), 0033/0700 VUs, 66879 complete and 0 interrupted iterations
guest    [  37% ] 0020/0500 VUs  3m23.3s/9m10s  0700.00 iters/s
member   [  37% ] 0013/0200 VUs  3m23.3s/9m10s  0300.00 iters/s

running (3m31.9s), 0013/0700 VUs, 67898 complete and 0 interrupted iterations
guest    [  37% ] 0007/0500 VUs  3m24.3s/9m10s  0700.00 iters/s
member   [  37% ] 0006/0200 VUs  3m24.3s/9m10s  0300.00 iters/s

running (3m32.9s), 0005/0700 VUs, 68906 complete and 0 interrupted iterations
guest    [  37% ] 0003/0500 VUs  3m25.3s/9m10s  0700.00 iters/s
member   [  37% ] 0002/0200 VUs  3m25.3s/9m10s  0300.00 iters/s

running (3m33.9s), 0006/0700 VUs, 69905 complete and 0 interrupted iterations
guest    [  38% ] 0004/0500 VUs  3m26.3s/9m10s  0700.00 iters/s
member   [  38% ] 0002/0200 VUs  3m26.3s/9m10s  0300.00 iters/s

running (3m34.9s), 0006/0700 VUs, 70905 complete and 0 interrupted iterations
guest    [  38% ] 0004/0500 VUs  3m27.3s/9m10s  0700.00 iters/s
member   [  38% ] 0002/0200 VUs  3m27.3s/9m10s  0300.00 iters/s

running (3m35.9s), 0005/0700 VUs, 71906 complete and 0 interrupted iterations
guest    [  38% ] 0003/0500 VUs  3m28.3s/9m10s  0700.00 iters/s
member   [  38% ] 0002/0200 VUs  3m28.3s/9m10s  0300.00 iters/s

running (3m36.9s), 0010/0700 VUs, 72901 complete and 0 interrupted iterations
guest    [  38% ] 0006/0500 VUs  3m29.3s/9m10s  0700.00 iters/s
member   [  38% ] 0004/0200 VUs  3m29.3s/9m10s  0300.00 iters/s

running (3m37.9s), 0008/0700 VUs, 73903 complete and 0 interrupted iterations
guest    [  38% ] 0005/0500 VUs  3m30.3s/9m10s  0700.00 iters/s
member   [  38% ] 0003/0200 VUs  3m30.3s/9m10s  0300.00 iters/s

running (3m38.9s), 0006/0700 VUs, 74905 complete and 0 interrupted iterations
guest    [  38% ] 0004/0500 VUs  3m31.3s/9m10s  0700.00 iters/s
member   [  38% ] 0002/0200 VUs  3m31.3s/9m10s  0300.00 iters/s

running (3m39.9s), 0005/0700 VUs, 75906 complete and 0 interrupted iterations
guest    [  39% ] 0003/0500 VUs  3m32.3s/9m10s  0700.00 iters/s
member   [  39% ] 0002/0200 VUs  3m32.3s/9m10s  0300.00 iters/s

running (3m40.9s), 0004/0700 VUs, 76907 complete and 0 interrupted iterations
guest    [  39% ] 0003/0500 VUs  3m33.3s/9m10s  0700.00 iters/s
member   [  39% ] 0001/0200 VUs  3m33.3s/9m10s  0300.00 iters/s

running (3m41.9s), 0006/0700 VUs, 77905 complete and 0 interrupted iterations
guest    [  39% ] 0004/0500 VUs  3m34.3s/9m10s  0700.00 iters/s
member   [  39% ] 0002/0200 VUs  3m34.3s/9m10s  0300.00 iters/s

running (3m42.9s), 0039/0700 VUs, 78872 complete and 0 interrupted iterations
guest    [  39% ] 0023/0500 VUs  3m35.3s/9m10s  0700.00 iters/s
member   [  39% ] 0016/0200 VUs  3m35.3s/9m10s  0300.00 iters/s

running (3m43.9s), 0005/0700 VUs, 79906 complete and 0 interrupted iterations
guest    [  39% ] 0003/0500 VUs  3m36.3s/9m10s  0700.00 iters/s
member   [  39% ] 0002/0200 VUs  3m36.3s/9m10s  0300.00 iters/s

running (3m44.9s), 0011/0700 VUs, 80900 complete and 0 interrupted iterations
guest    [  40% ] 0007/0500 VUs  3m37.3s/9m10s  0700.00 iters/s
member   [  40% ] 0004/0200 VUs  3m37.3s/9m10s  0300.00 iters/s

running (3m45.9s), 0007/0700 VUs, 81904 complete and 0 interrupted iterations
guest    [  40% ] 0005/0500 VUs  3m38.3s/9m10s  0700.00 iters/s
member   [  40% ] 0002/0200 VUs  3m38.3s/9m10s  0300.00 iters/s

running (3m46.9s), 0005/0700 VUs, 82906 complete and 0 interrupted iterations
guest    [  40% ] 0003/0500 VUs  3m39.3s/9m10s  0700.00 iters/s
member   [  40% ] 0002/0200 VUs  3m39.3s/9m10s  0300.00 iters/s

running (3m47.9s), 0018/0700 VUs, 83893 complete and 0 interrupted iterations
guest    [  40% ] 0011/0500 VUs  3m40.3s/9m10s  0700.00 iters/s
member   [  40% ] 0007/0200 VUs  3m40.3s/9m10s  0300.00 iters/s

running (3m48.9s), 0191/0700 VUs, 84720 complete and 0 interrupted iterations
guest    [  40% ] 0125/0500 VUs  3m41.3s/9m10s  0700.00 iters/s
member   [  40% ] 0066/0200 VUs  3m41.3s/9m10s  0300.00 iters/s

running (3m49.9s), 0004/0700 VUs, 85907 complete and 0 interrupted iterations
guest    [  40% ] 0003/0500 VUs  3m42.3s/9m10s  0700.00 iters/s
member   [  40% ] 0001/0200 VUs  3m42.3s/9m10s  0300.00 iters/s

running (3m50.9s), 0022/0700 VUs, 86889 complete and 0 interrupted iterations
guest    [  41% ] 0013/0500 VUs  3m43.3s/9m10s  0700.00 iters/s
member   [  41% ] 0009/0200 VUs  3m43.3s/9m10s  0300.00 iters/s

running (3m51.9s), 0100/0700 VUs, 87811 complete and 0 interrupted iterations
guest    [  41% ] 0062/0500 VUs  3m44.3s/9m10s  0700.00 iters/s
member   [  41% ] 0038/0200 VUs  3m44.3s/9m10s  0300.00 iters/s

running (3m52.9s), 0013/0700 VUs, 88898 complete and 0 interrupted iterations
guest    [  41% ] 0008/0500 VUs  3m45.3s/9m10s  0700.00 iters/s
member   [  41% ] 0005/0200 VUs  3m45.3s/9m10s  0300.00 iters/s

running (3m53.9s), 0006/0700 VUs, 89905 complete and 0 interrupted iterations
guest    [  41% ] 0004/0500 VUs  3m46.3s/9m10s  0700.00 iters/s
member   [  41% ] 0002/0200 VUs  3m46.3s/9m10s  0300.00 iters/s

running (3m54.9s), 0006/0700 VUs, 90905 complete and 0 interrupted iterations
guest    [  41% ] 0004/0500 VUs  3m47.3s/9m10s  0700.00 iters/s
member   [  41% ] 0002/0200 VUs  3m47.3s/9m10s  0300.00 iters/s

running (3m55.9s), 0006/0700 VUs, 91905 complete and 0 interrupted iterations
guest    [  42% ] 0004/0500 VUs  3m48.3s/9m10s  0700.00 iters/s
member   [  42% ] 0002/0200 VUs  3m48.3s/9m10s  0300.00 iters/s

running (3m56.9s), 0062/0700 VUs, 92848 complete and 0 interrupted iterations
guest    [  42% ] 0037/0500 VUs  3m49.3s/9m10s  0700.00 iters/s
member   [  42% ] 0025/0200 VUs  3m49.3s/9m10s  0300.00 iters/s

running (3m57.9s), 0007/0700 VUs, 93904 complete and 0 interrupted iterations
guest    [  42% ] 0005/0500 VUs  3m50.3s/9m10s  0700.00 iters/s
member   [  42% ] 0002/0200 VUs  3m50.3s/9m10s  0300.00 iters/s

running (3m58.9s), 0006/0700 VUs, 94905 complete and 0 interrupted iterations
guest    [  42% ] 0004/0500 VUs  3m51.3s/9m10s  0700.00 iters/s
member   [  42% ] 0002/0200 VUs  3m51.3s/9m10s  0300.00 iters/s

running (3m59.9s), 0005/0700 VUs, 95906 complete and 0 interrupted iterations
guest    [  42% ] 0003/0500 VUs  3m52.3s/9m10s  0700.00 iters/s
member   [  42% ] 0002/0200 VUs  3m52.3s/9m10s  0300.00 iters/s

running (4m00.9s), 0005/0700 VUs, 96906 complete and 0 interrupted iterations
guest    [  42% ] 0003/0500 VUs  3m53.3s/9m10s  0700.00 iters/s
member   [  42% ] 0002/0200 VUs  3m53.3s/9m10s  0300.00 iters/s

running (4m01.9s), 0005/0700 VUs, 97906 complete and 0 interrupted iterations
guest    [  43% ] 0003/0500 VUs  3m54.3s/9m10s  0700.00 iters/s
member   [  43% ] 0002/0200 VUs  3m54.3s/9m10s  0300.00 iters/s

running (4m02.9s), 0005/0700 VUs, 98906 complete and 0 interrupted iterations
guest    [  43% ] 0003/0500 VUs  3m55.3s/9m10s  0700.00 iters/s
member   [  43% ] 0002/0200 VUs  3m55.3s/9m10s  0300.00 iters/s

running (4m03.9s), 0006/0700 VUs, 99905 complete and 0 interrupted iterations
guest    [  43% ] 0004/0500 VUs  3m56.3s/9m10s  0700.00 iters/s
member   [  43% ] 0002/0200 VUs  3m56.3s/9m10s  0300.00 iters/s

running (4m04.9s), 0006/0700 VUs, 100905 complete and 0 interrupted iterations
guest    [  43% ] 0004/0500 VUs  3m57.3s/9m10s  0700.00 iters/s
member   [  43% ] 0002/0200 VUs  3m57.3s/9m10s  0300.00 iters/s

running (4m05.9s), 0006/0700 VUs, 101905 complete and 0 interrupted iterations
guest    [  43% ] 0004/0500 VUs  3m58.3s/9m10s  0700.00 iters/s
member   [  43% ] 0002/0200 VUs  3m58.3s/9m10s  0300.00 iters/s

running (4m06.9s), 0020/0700 VUs, 102890 complete and 0 interrupted iterations
guest    [  44% ] 0012/0500 VUs  3m59.3s/9m10s  0700.00 iters/s
member   [  44% ] 0008/0200 VUs  3m59.3s/9m10s  0300.00 iters/s

running (4m07.9s), 0007/0700 VUs, 103906 complete and 0 interrupted iterations
guest    [  44% ] 0004/0500 VUs  4m00.3s/9m10s  0706.98 iters/s
member   [  44% ] 0003/0200 VUs  4m00.3s/9m10s  0303.02 iters/s

running (4m08.9s), 0006/0700 VUs, 104934 complete and 0 interrupted iterations
guest    [  44% ] 0003/0500 VUs  4m01.3s/9m10s  0730.33 iters/s
member   [  44% ] 0003/0200 VUs  4m01.3s/9m10s  0313.02 iters/s

running (4m09.9s), 0005/0700 VUs, 105994 complete and 0 interrupted iterations
guest    [  44% ] 0003/0500 VUs  4m02.3s/9m10s  0753.63 iters/s
member   [  44% ] 0002/0200 VUs  4m02.3s/9m10s  0323.02 iters/s

running (4m10.9s), 0010/0700 VUs, 107083 complete and 0 interrupted iterations
guest    [  44% ] 0006/0500 VUs  4m03.3s/9m10s  0776.98 iters/s
member   [  44% ] 0004/0200 VUs  4m03.3s/9m10s  0333.02 iters/s

running (4m11.9s), 0312/0700 VUs, 107909 complete and 0 interrupted iterations
guest    [  44% ] 0211/0500 VUs  4m04.3s/9m10s  0800.36 iters/s
member   [  44% ] 0101/0200 VUs  4m04.3s/9m10s  0343.02 iters/s

running (4m12.9s), 0420/0700 VUs, 108959 complete and 0 interrupted iterations
guest    [  45% ] 0260/0500 VUs  4m05.3s/9m10s  0823.63 iters/s
member   [  45% ] 0160/0200 VUs  4m05.3s/9m10s  0353.02 iters/s

running (4m13.9s), 0338/0700 VUs, 110235 complete and 0 interrupted iterations
guest    [  45% ] 0211/0500 VUs  4m06.3s/9m10s  0846.98 iters/s
member   [  45% ] 0127/0200 VUs  4m06.3s/9m10s  0363.02 iters/s

running (4m14.9s), 0155/0700 VUs, 111645 complete and 0 interrupted iterations
guest    [  45% ] 0087/0500 VUs  4m07.3s/9m10s  0870.33 iters/s
member   [  45% ] 0068/0200 VUs  4m07.3s/9m10s  0373.01 iters/s

running (4m15.9s), 0114/0700 VUs, 112945 complete and 0 interrupted iterations
guest    [  45% ] 0076/0500 VUs  4m08.3s/9m10s  0893.66 iters/s
member   [  45% ] 0038/0200 VUs  4m08.3s/9m10s  0383.01 iters/s

running (4m16.9s), 0520/0700 VUs, 113833 complete and 0 interrupted iterations
guest    [  45% ] 0342/0500 VUs  4m09.3s/9m10s  0916.99 iters/s
member   [  45% ] 0178/0200 VUs  4m09.3s/9m10s  0393.01 iters/s

running (4m17.9s), 0328/0700 VUs, 115352 complete and 0 interrupted iterations
guest    [  46% ] 0212/0500 VUs  4m10.3s/9m10s  0940.33 iters/s
member   [  46% ] 0116/0200 VUs  4m10.3s/9m10s  0403.01 iters/s

running (4m18.9s), 0343/0700 VUs, 116696 complete and 0 interrupted iterations
guest    [  46% ] 0218/0500 VUs  4m11.3s/9m10s  0963.64 iters/s
member   [  46% ] 0125/0200 VUs  4m11.3s/9m10s  0413.01 iters/s

running (4m19.9s), 0282/0700 VUs, 118151 complete and 0 interrupted iterations
guest    [  46% ] 0171/0500 VUs  4m12.3s/9m10s  0986.99 iters/s
member   [  46% ] 0111/0200 VUs  4m12.3s/9m10s  0423.01 iters/s

running (4m20.9s), 0513/0700 VUs, 119346 complete and 0 interrupted iterations
guest    [  46% ] 0335/0500 VUs  4m13.3s/9m10s  1010.31 iters/s
member   [  46% ] 0178/0200 VUs  4m13.3s/9m10s  0433.01 iters/s

running (4m21.9s), 0654/0723 VUs, 120636 complete and 0 interrupted iterations
guest    [  46% ] 0439/0500 VUs  4m14.3s/9m10s  1033.64 iters/s
member   [  46% ] 0215/0223 VUs  4m14.3s/9m10s  0443.01 iters/s


  █ THRESHOLDS 

    http_req_duration{endpoint:by-artists}
    ✓ 'p(95)<300' p(95)=232.89ms

    http_req_duration{endpoint:following}
    ✗ 'p(95)<300' p(95)=318.06ms

    http_req_failed
    ✓ 'rate<0.05' rate=0.00%


  █ TOTAL RESULTS 

    checks_total.......: 120836  461.330724/s
    checks_succeeded...: 100.00% 120836 out of 120836
    checks_failed......: 0.00%   0 out of 120836

    ✓ login status 200
    ✓ login returns authorization header
    ✓ by-artists status 200
    ✓ following status 200

    CUSTOM
    schedule_by_artists_ms.........: avg=33.77ms min=1.77ms med=4.65ms max=1.19s p(90)=88.5ms   p(95)=232.89ms p(99)=447.24ms
    schedule_following_ms..........: avg=45.12ms min=2.96ms med=6.85ms max=1.62s p(90)=127.26ms p(95)=318.06ms p(99)=574.65ms

    HTTP
    http_req_duration..............: avg=37.2ms  min=1.77ms med=5.24ms max=1.62s p(90)=98.54ms  p(95)=252.47ms p(99)=509.52ms
      { endpoint:by-artists }......: avg=33.77ms min=1.77ms med=4.65ms max=1.19s p(90)=88.5ms   p(95)=232.89ms p(99)=447.24ms
      { endpoint:following }.......: avg=45.12ms min=2.96ms med=6.85ms max=1.62s p(90)=127.26ms p(95)=318.06ms p(99)=574.65ms
      { expected_response:true }...: avg=37.2ms  min=1.77ms med=5.24ms max=1.62s p(90)=98.54ms  p(95)=252.47ms p(99)=509.52ms
    http_req_failed................: 0.00%  0 out of 120736
    http_reqs......................: 120736 460.948942/s

    EXECUTION
    dropped_iterations.............: 29     0.110717/s
    iteration_duration.............: avg=37.35ms min=1.89ms med=5.38ms max=1.62s p(90)=99.05ms  p(95)=252.83ms p(99)=509.85ms
    iterations.....................: 120636 460.567159/s
    vus............................: 655    min=0           max=655
    vus_max........................: 723    min=700         max=723

    NETWORK
    data_received..................: 4.0 GB 15 MB/s
    data_sent......................: 23 MB  89 kB/s




running (4m22.0s), 0000/0723 VUs, 120636 complete and 656 interrupted iterations
guest  ✗ [  46% ] 0440/0500 VUs  4m14.3s/9m10s  1033.68 iters/s
member ✗ [  46% ] 0215/0223 VUs  4m14.3s/9m10s  0443.01 iters/s
time="2026-04-21T18:54:48+09:00" level=error msg="thresholds on metrics 'http_req_duration{endpoint:following}' were crossed; at least one has abortOnFail enabled, stopping test prematurely"
