
         /\      Grafana   /‾‾/  
    /\  /  \     |\  __   /  /   
   /  \/    \    | |/ /  /   ‾‾\ 
  /          \   |   (  |  (‾)  |
 / __________ \  |_|\_\  \_____/ 


     execution: local
        script: k6/schedule/scenarios/stress.js
        output: -

     scenarios: (100.00%) 2 scenarios, 6000 max VUs, 9m40s max duration (incl. graceful stop):
              * guest: Up to 3500.00 iterations/s for 9m10s over 19 stages (maxVUs: 500-4000, exec: guestFlow, gracefulStop: 30s)
              * member: Up to 1500.00 iterations/s for 9m10s over 19 stages (maxVUs: 200-2000, exec: memberFlow, gracefulStop: 30s)

time="2026-04-21T18:38:46+09:00" level=info msg="[setup] Logging in loadtest users..." source=console

Run      [ 100% ] setup()
guest    [   0% ]
member   [   0% ]

Run      [ 100% ] setup()
guest    [   0% ]
member   [   0% ]

Run      [ 100% ] setup()
guest    [   0% ]
member   [   0% ]

Run      [ 100% ] setup()
guest    [   0% ]
member   [   0% ]

Run      [ 100% ] setup()
guest    [   0% ]
member   [   0% ]

Run      [ 100% ] setup()
guest    [   0% ]
member   [   0% ]

Run      [ 100% ] setup()
guest    [   0% ]
member   [   0% ]

Run      [ 100% ] setup()
guest    [   0% ]
member   [   0% ]
time="2026-04-21T18:38:55+09:00" level=info msg="[setup] Acquired 100 tokens" source=console
time="2026-04-21T18:38:55+09:00" level=info msg="[setup] Steps (total RPS): 100 -> 250 -> 500 -> 1000 -> 1500 -> 2000 -> 3000 -> 4000 -> 5000" source=console

running (0m08.9s), 0000/0700 VUs, 7 complete and 0 interrupted iterations
guest    [   0% ] 0000/0500 VUs  0m00.5s/9m10s  0012.00 iters/s
member   [   0% ] 0000/0200 VUs  0m00.5s/9m10s  0005.77 iters/s

running (0m09.9s), 0000/0700 VUs, 28 complete and 0 interrupted iterations
guest    [   0% ] 0000/0500 VUs  0m01.5s/9m10s  0016.00 iters/s
member   [   0% ] 0000/0200 VUs  0m01.5s/9m10s  0007.53 iters/s

running (0m10.9s), 0000/0700 VUs, 54 complete and 0 interrupted iterations
guest    [   0% ] 0000/0500 VUs  0m02.5s/9m10s  0020.00 iters/s
member   [   0% ] 0000/0200 VUs  0m02.5s/9m10s  0009.13 iters/s

running (0m11.9s), 0000/0700 VUs, 86 complete and 0 interrupted iterations
guest    [   1% ] 0000/0500 VUs  0m03.5s/9m10s  0024.00 iters/s
member   [   1% ] 0000/0200 VUs  0m03.5s/9m10s  0010.80 iters/s

running (0m12.9s), 0000/0700 VUs, 124 complete and 0 interrupted iterations
guest    [   1% ] 0000/0500 VUs  0m04.5s/9m10s  0028.00 iters/s
member   [   1% ] 0000/0200 VUs  0m04.5s/9m10s  0012.52 iters/s

running (0m13.9s), 0000/0700 VUs, 167 complete and 0 interrupted iterations
guest    [   1% ] 0000/0500 VUs  0m05.5s/9m10s  0032.00 iters/s
member   [   1% ] 0000/0200 VUs  0m05.5s/9m10s  0014.14 iters/s

running (0m14.9s), 0000/0700 VUs, 216 complete and 0 interrupted iterations
guest    [   1% ] 0000/0500 VUs  0m06.5s/9m10s  0036.00 iters/s
member   [   1% ] 0000/0200 VUs  0m06.5s/9m10s  0015.81 iters/s

running (0m15.9s), 0000/0700 VUs, 271 complete and 0 interrupted iterations
guest    [   1% ] 0000/0500 VUs  0m07.5s/9m10s  0040.00 iters/s
member   [   1% ] 0000/0200 VUs  0m07.5s/9m10s  0017.51 iters/s

running (0m16.9s), 0000/0700 VUs, 331 complete and 0 interrupted iterations
guest    [   2% ] 0000/0500 VUs  0m08.5s/9m10s  0044.00 iters/s
member   [   2% ] 0000/0200 VUs  0m08.5s/9m10s  0019.15 iters/s

running (0m17.9s), 0000/0700 VUs, 397 complete and 0 interrupted iterations
guest    [   2% ] 0000/0500 VUs  0m09.5s/9m10s  0048.00 iters/s
member   [   2% ] 0000/0200 VUs  0m09.5s/9m10s  0020.82 iters/s

running (0m18.9s), 0000/0700 VUs, 469 complete and 0 interrupted iterations
guest    [   2% ] 0000/0500 VUs  0m10.5s/9m10s  0052.00 iters/s
member   [   2% ] 0000/0200 VUs  0m10.5s/9m10s  0022.51 iters/s

running (0m19.9s), 0000/0700 VUs, 546 complete and 0 interrupted iterations
guest    [   2% ] 0000/0500 VUs  0m11.5s/9m10s  0056.00 iters/s
member   [   2% ] 0000/0200 VUs  0m11.5s/9m10s  0024.15 iters/s

running (0m20.9s), 0000/0700 VUs, 629 complete and 0 interrupted iterations
guest    [   2% ] 0000/0500 VUs  0m12.5s/9m10s  0060.00 iters/s
member   [   2% ] 0000/0200 VUs  0m12.5s/9m10s  0025.82 iters/s

running (0m21.9s), 0001/0700 VUs, 718 complete and 0 interrupted iterations
guest    [   2% ] 0001/0500 VUs  0m13.5s/9m10s  0064.06 iters/s
member   [   2% ] 0000/0200 VUs  0m13.5s/9m10s  0027.51 iters/s

running (0m22.9s), 0002/0700 VUs, 811 complete and 0 interrupted iterations
guest    [   3% ] 0001/0500 VUs  0m14.5s/9m10s  0068.00 iters/s
member   [   3% ] 0001/0200 VUs  0m14.5s/9m10s  0029.21 iters/s

running (0m23.9s), 0001/0700 VUs, 911 complete and 0 interrupted iterations
guest    [   3% ] 0001/0500 VUs  0m15.5s/9m10s  0070.00 iters/s
member   [   3% ] 0000/0200 VUs  0m15.5s/9m10s  0030.00 iters/s

running (0m24.9s), 0001/0700 VUs, 1011 complete and 0 interrupted iterations
guest    [   3% ] 0001/0500 VUs  0m16.5s/9m10s  0070.00 iters/s
member   [   3% ] 0000/0200 VUs  0m16.5s/9m10s  0030.00 iters/s

running (0m25.9s), 0001/0700 VUs, 1111 complete and 0 interrupted iterations
guest    [   3% ] 0001/0500 VUs  0m17.5s/9m10s  0070.00 iters/s
member   [   3% ] 0000/0200 VUs  0m17.5s/9m10s  0030.00 iters/s

running (0m26.9s), 0001/0700 VUs, 1211 complete and 0 interrupted iterations
guest    [   3% ] 0001/0500 VUs  0m18.5s/9m10s  0070.00 iters/s
member   [   3% ] 0000/0200 VUs  0m18.5s/9m10s  0030.00 iters/s

running (0m27.9s), 0001/0700 VUs, 1311 complete and 0 interrupted iterations
guest    [   4% ] 0001/0500 VUs  0m19.5s/9m10s  0070.00 iters/s
member   [   4% ] 0000/0200 VUs  0m19.5s/9m10s  0030.00 iters/s

running (0m28.9s), 0001/0700 VUs, 1411 complete and 0 interrupted iterations
guest    [   4% ] 0001/0500 VUs  0m20.5s/9m10s  0070.00 iters/s
member   [   4% ] 0000/0200 VUs  0m20.5s/9m10s  0030.00 iters/s

running (0m29.9s), 0001/0700 VUs, 1511 complete and 0 interrupted iterations
guest    [   4% ] 0001/0500 VUs  0m21.5s/9m10s  0070.00 iters/s
member   [   4% ] 0000/0200 VUs  0m21.5s/9m10s  0030.00 iters/s

running (0m30.9s), 0001/0700 VUs, 1611 complete and 0 interrupted iterations
guest    [   4% ] 0001/0500 VUs  0m22.5s/9m10s  0070.00 iters/s
member   [   4% ] 0000/0200 VUs  0m22.5s/9m10s  0030.00 iters/s

running (0m31.9s), 0001/0700 VUs, 1711 complete and 0 interrupted iterations
guest    [   4% ] 0001/0500 VUs  0m23.5s/9m10s  0070.00 iters/s
member   [   4% ] 0000/0200 VUs  0m23.5s/9m10s  0030.00 iters/s

running (0m32.9s), 0001/0700 VUs, 1811 complete and 0 interrupted iterations
guest    [   4% ] 0001/0500 VUs  0m24.5s/9m10s  0070.00 iters/s
member   [   4% ] 0000/0200 VUs  0m24.5s/9m10s  0030.00 iters/s

running (0m33.9s), 0001/0700 VUs, 1911 complete and 0 interrupted iterations
guest    [   5% ] 0001/0500 VUs  0m25.5s/9m10s  0070.00 iters/s
member   [   5% ] 0000/0200 VUs  0m25.5s/9m10s  0030.00 iters/s

running (0m34.9s), 0001/0700 VUs, 2011 complete and 0 interrupted iterations
guest    [   5% ] 0001/0500 VUs  0m26.5s/9m10s  0070.00 iters/s
member   [   5% ] 0000/0200 VUs  0m26.5s/9m10s  0030.00 iters/s

running (0m35.9s), 0001/0700 VUs, 2111 complete and 0 interrupted iterations
guest    [   5% ] 0001/0500 VUs  0m27.5s/9m10s  0070.00 iters/s
member   [   5% ] 0000/0200 VUs  0m27.5s/9m10s  0030.00 iters/s

running (0m36.9s), 0001/0700 VUs, 2211 complete and 0 interrupted iterations
guest    [   5% ] 0001/0500 VUs  0m28.5s/9m10s  0070.00 iters/s
member   [   5% ] 0000/0200 VUs  0m28.5s/9m10s  0030.00 iters/s

running (0m37.9s), 0001/0700 VUs, 2311 complete and 0 interrupted iterations
guest    [   5% ] 0001/0500 VUs  0m29.5s/9m10s  0070.00 iters/s
member   [   5% ] 0000/0200 VUs  0m29.5s/9m10s  0030.00 iters/s

running (0m38.9s), 0001/0700 VUs, 2411 complete and 0 interrupted iterations
guest    [   6% ] 0001/0500 VUs  0m30.5s/9m10s  0070.00 iters/s
member   [   6% ] 0000/0200 VUs  0m30.5s/9m10s  0030.00 iters/s

running (0m39.9s), 0001/0700 VUs, 2511 complete and 0 interrupted iterations
guest    [   6% ] 0001/0500 VUs  0m31.5s/9m10s  0070.00 iters/s
member   [   6% ] 0000/0200 VUs  0m31.5s/9m10s  0030.00 iters/s

running (0m40.9s), 0001/0700 VUs, 2611 complete and 0 interrupted iterations
guest    [   6% ] 0001/0500 VUs  0m32.5s/9m10s  0070.00 iters/s
member   [   6% ] 0000/0200 VUs  0m32.5s/9m10s  0030.00 iters/s

running (0m41.9s), 0001/0700 VUs, 2711 complete and 0 interrupted iterations
guest    [   6% ] 0001/0500 VUs  0m33.5s/9m10s  0070.00 iters/s
member   [   6% ] 0000/0200 VUs  0m33.5s/9m10s  0030.00 iters/s

running (0m42.9s), 0001/0700 VUs, 2811 complete and 0 interrupted iterations
guest    [   6% ] 0001/0500 VUs  0m34.5s/9m10s  0070.00 iters/s
member   [   6% ] 0000/0200 VUs  0m34.5s/9m10s  0030.00 iters/s

running (0m43.9s), 0001/0700 VUs, 2911 complete and 0 interrupted iterations
guest    [   6% ] 0001/0500 VUs  0m35.5s/9m10s  0070.00 iters/s
member   [   6% ] 0000/0200 VUs  0m35.5s/9m10s  0030.00 iters/s

running (0m44.9s), 0001/0700 VUs, 3011 complete and 0 interrupted iterations
guest    [   7% ] 0001/0500 VUs  0m36.5s/9m10s  0070.00 iters/s
member   [   7% ] 0000/0200 VUs  0m36.5s/9m10s  0030.00 iters/s

running (0m45.9s), 0001/0700 VUs, 3111 complete and 0 interrupted iterations
guest    [   7% ] 0001/0500 VUs  0m37.5s/9m10s  0070.00 iters/s
member   [   7% ] 0000/0200 VUs  0m37.5s/9m10s  0030.00 iters/s

running (0m46.9s), 0001/0700 VUs, 3211 complete and 0 interrupted iterations
guest    [   7% ] 0001/0500 VUs  0m38.5s/9m10s  0070.00 iters/s
member   [   7% ] 0000/0200 VUs  0m38.5s/9m10s  0030.00 iters/s

running (0m47.9s), 0001/0700 VUs, 3311 complete and 0 interrupted iterations
guest    [   7% ] 0001/0500 VUs  0m39.5s/9m10s  0070.00 iters/s
member   [   7% ] 0000/0200 VUs  0m39.5s/9m10s  0030.00 iters/s

running (0m48.9s), 0001/0700 VUs, 3411 complete and 0 interrupted iterations
guest    [   7% ] 0001/0500 VUs  0m40.5s/9m10s  0070.00 iters/s
member   [   7% ] 0000/0200 VUs  0m40.5s/9m10s  0030.00 iters/s

running (0m49.9s), 0001/0700 VUs, 3511 complete and 0 interrupted iterations
guest    [   8% ] 0001/0500 VUs  0m41.5s/9m10s  0070.00 iters/s
member   [   8% ] 0000/0200 VUs  0m41.5s/9m10s  0030.00 iters/s

running (0m50.9s), 0001/0700 VUs, 3611 complete and 0 interrupted iterations
guest    [   8% ] 0001/0500 VUs  0m42.5s/9m10s  0070.00 iters/s
member   [   8% ] 0000/0200 VUs  0m42.5s/9m10s  0030.00 iters/s

running (0m51.9s), 0001/0700 VUs, 3711 complete and 0 interrupted iterations
guest    [   8% ] 0001/0500 VUs  0m43.5s/9m10s  0070.00 iters/s
member   [   8% ] 0000/0200 VUs  0m43.5s/9m10s  0030.00 iters/s

running (0m52.9s), 0001/0700 VUs, 3811 complete and 0 interrupted iterations
guest    [   8% ] 0001/0500 VUs  0m44.5s/9m10s  0070.00 iters/s
member   [   8% ] 0000/0200 VUs  0m44.5s/9m10s  0030.00 iters/s

running (0m53.9s), 0001/0700 VUs, 3911 complete and 0 interrupted iterations
guest    [   8% ] 0001/0500 VUs  0m45.5s/9m10s  0070.00 iters/s
member   [   8% ] 0000/0200 VUs  0m45.5s/9m10s  0030.00 iters/s

running (0m54.9s), 0001/0700 VUs, 4011 complete and 0 interrupted iterations
guest    [   8% ] 0001/0500 VUs  0m46.5s/9m10s  0070.00 iters/s
member   [   8% ] 0000/0200 VUs  0m46.5s/9m10s  0030.00 iters/s

running (0m55.9s), 0001/0700 VUs, 4111 complete and 0 interrupted iterations
guest    [   9% ] 0001/0500 VUs  0m47.5s/9m10s  0070.00 iters/s
member   [   9% ] 0000/0200 VUs  0m47.5s/9m10s  0030.00 iters/s

running (0m56.9s), 0001/0700 VUs, 4211 complete and 0 interrupted iterations
guest    [   9% ] 0001/0500 VUs  0m48.5s/9m10s  0070.00 iters/s
member   [   9% ] 0000/0200 VUs  0m48.5s/9m10s  0030.00 iters/s

running (0m57.9s), 0001/0700 VUs, 4311 complete and 0 interrupted iterations
guest    [   9% ] 0001/0500 VUs  0m49.5s/9m10s  0070.00 iters/s
member   [   9% ] 0000/0200 VUs  0m49.5s/9m10s  0030.00 iters/s

running (0m58.9s), 0001/0700 VUs, 4411 complete and 0 interrupted iterations
guest    [   9% ] 0001/0500 VUs  0m50.5s/9m10s  0070.00 iters/s
member   [   9% ] 0000/0200 VUs  0m50.5s/9m10s  0030.00 iters/s

running (0m59.9s), 0001/0700 VUs, 4511 complete and 0 interrupted iterations
guest    [   9% ] 0001/0500 VUs  0m51.5s/9m10s  0070.00 iters/s
member   [   9% ] 0000/0200 VUs  0m51.5s/9m10s  0030.00 iters/s

running (1m00.9s), 0001/0700 VUs, 4611 complete and 0 interrupted iterations
guest    [  10% ] 0001/0500 VUs  0m52.5s/9m10s  0070.00 iters/s
member   [  10% ] 0000/0200 VUs  0m52.5s/9m10s  0030.00 iters/s

running (1m01.9s), 0001/0700 VUs, 4711 complete and 0 interrupted iterations
guest    [  10% ] 0001/0500 VUs  0m53.5s/9m10s  0070.00 iters/s
member   [  10% ] 0000/0200 VUs  0m53.5s/9m10s  0030.00 iters/s

running (1m02.9s), 0001/0700 VUs, 4811 complete and 0 interrupted iterations
guest    [  10% ] 0001/0500 VUs  0m54.5s/9m10s  0070.00 iters/s
member   [  10% ] 0000/0200 VUs  0m54.5s/9m10s  0030.00 iters/s

running (1m03.9s), 0001/0700 VUs, 4911 complete and 0 interrupted iterations
guest    [  10% ] 0001/0500 VUs  0m55.5s/9m10s  0070.00 iters/s
member   [  10% ] 0000/0200 VUs  0m55.5s/9m10s  0030.00 iters/s

running (1m04.9s), 0001/0700 VUs, 5011 complete and 0 interrupted iterations
guest    [  10% ] 0001/0500 VUs  0m56.5s/9m10s  0070.00 iters/s
member   [  10% ] 0000/0200 VUs  0m56.5s/9m10s  0030.00 iters/s

running (1m05.9s), 0001/0700 VUs, 5111 complete and 0 interrupted iterations
guest    [  10% ] 0001/0500 VUs  0m57.5s/9m10s  0070.00 iters/s
member   [  10% ] 0000/0200 VUs  0m57.5s/9m10s  0030.00 iters/s

running (1m06.9s), 0001/0700 VUs, 5211 complete and 0 interrupted iterations
guest    [  11% ] 0001/0500 VUs  0m58.5s/9m10s  0070.00 iters/s
member   [  11% ] 0000/0200 VUs  0m58.5s/9m10s  0030.00 iters/s

running (1m07.9s), 0001/0700 VUs, 5311 complete and 0 interrupted iterations
guest    [  11% ] 0001/0500 VUs  0m59.5s/9m10s  0070.00 iters/s
member   [  11% ] 0000/0200 VUs  0m59.5s/9m10s  0030.00 iters/s

running (1m08.9s), 0002/0700 VUs, 5412 complete and 0 interrupted iterations
guest    [  11% ] 0001/0500 VUs  1m00.5s/9m10s  0073.56 iters/s
member   [  11% ] 0001/0200 VUs  1m00.5s/9m10s  0031.56 iters/s

running (1m09.9s), 0000/0700 VUs, 5524 complete and 0 interrupted iterations
guest    [  11% ] 0000/0500 VUs  1m01.5s/9m10s  0080.55 iters/s
member   [  11% ] 0000/0200 VUs  1m01.5s/9m10s  0034.55 iters/s

running (1m10.9s), 0002/0700 VUs, 5642 complete and 0 interrupted iterations
guest    [  11% ] 0001/0500 VUs  1m02.5s/9m10s  0087.55 iters/s
member   [  11% ] 0001/0200 VUs  1m02.5s/9m10s  0037.55 iters/s

running (1m11.9s), 0002/0700 VUs, 5772 complete and 0 interrupted iterations
guest    [  12% ] 0001/0500 VUs  1m03.5s/9m10s  0094.55 iters/s
member   [  12% ] 0001/0200 VUs  1m03.5s/9m10s  0040.55 iters/s

running (1m12.9s), 0002/0700 VUs, 5912 complete and 0 interrupted iterations
guest    [  12% ] 0001/0500 VUs  1m04.5s/9m10s  0101.54 iters/s
member   [  12% ] 0001/0200 VUs  1m04.5s/9m10s  0043.54 iters/s

running (1m13.9s), 0002/0700 VUs, 6062 complete and 0 interrupted iterations
guest    [  12% ] 0001/0500 VUs  1m05.5s/9m10s  0108.54 iters/s
member   [  12% ] 0001/0200 VUs  1m05.5s/9m10s  0046.54 iters/s

running (1m14.9s), 0002/0700 VUs, 6222 complete and 0 interrupted iterations
guest    [  12% ] 0001/0500 VUs  1m06.5s/9m10s  0115.54 iters/s
member   [  12% ] 0001/0200 VUs  1m06.5s/9m10s  0049.54 iters/s

running (1m15.9s), 0002/0700 VUs, 6392 complete and 0 interrupted iterations
guest    [  12% ] 0001/0500 VUs  1m07.5s/9m10s  0122.54 iters/s
member   [  12% ] 0001/0200 VUs  1m07.5s/9m10s  0052.54 iters/s

running (1m16.9s), 0002/0700 VUs, 6572 complete and 0 interrupted iterations
guest    [  12% ] 0001/0500 VUs  1m08.5s/9m10s  0129.53 iters/s
member   [  12% ] 0001/0200 VUs  1m08.5s/9m10s  0055.53 iters/s

running (1m17.9s), 0002/0700 VUs, 6762 complete and 0 interrupted iterations
guest    [  13% ] 0001/0500 VUs  1m09.5s/9m10s  0136.53 iters/s
member   [  13% ] 0001/0200 VUs  1m09.5s/9m10s  0058.53 iters/s

running (1m18.9s), 0000/0700 VUs, 6964 complete and 0 interrupted iterations
guest    [  13% ] 0000/0500 VUs  1m10.5s/9m10s  0143.53 iters/s
member   [  13% ] 0000/0200 VUs  1m10.5s/9m10s  0061.53 iters/s

running (1m19.9s), 0000/0700 VUs, 7174 complete and 0 interrupted iterations
guest    [  13% ] 0000/0500 VUs  1m11.5s/9m10s  0150.53 iters/s
member   [  13% ] 0000/0200 VUs  1m11.5s/9m10s  0064.53 iters/s

running (1m20.9s), 0001/0700 VUs, 7394 complete and 0 interrupted iterations
guest    [  13% ] 0001/0500 VUs  1m12.5s/9m10s  0157.57 iters/s
member   [  13% ] 0000/0200 VUs  1m12.5s/9m10s  0067.53 iters/s

running (1m21.9s), 0000/0700 VUs, 7624 complete and 0 interrupted iterations
guest    [  13% ] 0000/0500 VUs  1m13.5s/9m10s  0164.53 iters/s
member   [  13% ] 0000/0200 VUs  1m13.5s/9m10s  0070.53 iters/s

running (1m22.9s), 0001/0700 VUs, 7864 complete and 0 interrupted iterations
guest    [  14% ] 0001/0500 VUs  1m14.5s/9m10s  0171.57 iters/s
member   [  14% ] 0000/0200 VUs  1m14.5s/9m10s  0073.53 iters/s

running (1m23.9s), 0002/0700 VUs, 8112 complete and 0 interrupted iterations
guest    [  14% ] 0001/0500 VUs  1m15.5s/9m10s  0175.00 iters/s
member   [  14% ] 0001/0200 VUs  1m15.5s/9m10s  0075.00 iters/s

running (1m24.9s), 0002/0700 VUs, 8362 complete and 0 interrupted iterations
guest    [  14% ] 0001/0500 VUs  1m16.5s/9m10s  0175.00 iters/s
member   [  14% ] 0001/0200 VUs  1m16.5s/9m10s  0075.00 iters/s

running (1m25.9s), 0002/0700 VUs, 8612 complete and 0 interrupted iterations
guest    [  14% ] 0001/0500 VUs  1m17.5s/9m10s  0175.00 iters/s
member   [  14% ] 0001/0200 VUs  1m17.5s/9m10s  0075.00 iters/s

running (1m26.9s), 0002/0700 VUs, 8862 complete and 0 interrupted iterations
guest    [  14% ] 0001/0500 VUs  1m18.5s/9m10s  0175.00 iters/s
member   [  14% ] 0001/0200 VUs  1m18.5s/9m10s  0075.00 iters/s

running (1m27.9s), 0002/0700 VUs, 9112 complete and 0 interrupted iterations
guest    [  14% ] 0001/0500 VUs  1m19.5s/9m10s  0175.00 iters/s
member   [  14% ] 0001/0200 VUs  1m19.5s/9m10s  0075.00 iters/s

running (1m28.9s), 0002/0700 VUs, 9362 complete and 0 interrupted iterations
guest    [  15% ] 0001/0500 VUs  1m20.5s/9m10s  0175.00 iters/s
member   [  15% ] 0001/0200 VUs  1m20.5s/9m10s  0075.00 iters/s

running (1m29.9s), 0002/0700 VUs, 9612 complete and 0 interrupted iterations
guest    [  15% ] 0001/0500 VUs  1m21.5s/9m10s  0175.00 iters/s
member   [  15% ] 0001/0200 VUs  1m21.5s/9m10s  0075.00 iters/s

running (1m30.9s), 0002/0700 VUs, 9862 complete and 0 interrupted iterations
guest    [  15% ] 0001/0500 VUs  1m22.5s/9m10s  0175.00 iters/s
member   [  15% ] 0001/0200 VUs  1m22.5s/9m10s  0075.00 iters/s

running (1m31.9s), 0002/0700 VUs, 10112 complete and 0 interrupted iterations
guest    [  15% ] 0001/0500 VUs  1m23.5s/9m10s  0175.00 iters/s
member   [  15% ] 0001/0200 VUs  1m23.5s/9m10s  0075.00 iters/s

running (1m32.9s), 0002/0700 VUs, 10362 complete and 0 interrupted iterations
guest    [  15% ] 0001/0500 VUs  1m24.5s/9m10s  0175.00 iters/s
member   [  15% ] 0001/0200 VUs  1m24.5s/9m10s  0075.00 iters/s

running (1m33.9s), 0002/0700 VUs, 10612 complete and 0 interrupted iterations
guest    [  16% ] 0001/0500 VUs  1m25.5s/9m10s  0175.00 iters/s
member   [  16% ] 0001/0200 VUs  1m25.5s/9m10s  0075.00 iters/s

running (1m34.9s), 0002/0700 VUs, 10862 complete and 0 interrupted iterations
guest    [  16% ] 0001/0500 VUs  1m26.5s/9m10s  0175.00 iters/s
member   [  16% ] 0001/0200 VUs  1m26.5s/9m10s  0075.00 iters/s

running (1m35.9s), 0002/0700 VUs, 11112 complete and 0 interrupted iterations
guest    [  16% ] 0001/0500 VUs  1m27.5s/9m10s  0175.00 iters/s
member   [  16% ] 0001/0200 VUs  1m27.5s/9m10s  0075.00 iters/s

running (1m36.9s), 0002/0700 VUs, 11362 complete and 0 interrupted iterations
guest    [  16% ] 0001/0500 VUs  1m28.5s/9m10s  0175.00 iters/s
member   [  16% ] 0001/0200 VUs  1m28.5s/9m10s  0075.00 iters/s

running (1m37.9s), 0002/0700 VUs, 11612 complete and 0 interrupted iterations
guest    [  16% ] 0001/0500 VUs  1m29.5s/9m10s  0175.00 iters/s
member   [  16% ] 0001/0200 VUs  1m29.5s/9m10s  0075.00 iters/s

running (1m38.9s), 0002/0700 VUs, 11862 complete and 0 interrupted iterations
guest    [  16% ] 0001/0500 VUs  1m30.5s/9m10s  0175.00 iters/s
member   [  16% ] 0001/0200 VUs  1m30.5s/9m10s  0075.00 iters/s

running (1m39.9s), 0004/0700 VUs, 12110 complete and 0 interrupted iterations
guest    [  17% ] 0003/0500 VUs  1m31.5s/9m10s  0175.00 iters/s
member   [  17% ] 0001/0200 VUs  1m31.5s/9m10s  0075.00 iters/s

running (1m40.9s), 0002/0700 VUs, 12362 complete and 0 interrupted iterations
guest    [  17% ] 0001/0500 VUs  1m32.5s/9m10s  0175.00 iters/s
member   [  17% ] 0001/0200 VUs  1m32.5s/9m10s  0075.00 iters/s

running (1m41.9s), 0002/0700 VUs, 12612 complete and 0 interrupted iterations
guest    [  17% ] 0001/0500 VUs  1m33.5s/9m10s  0175.00 iters/s
member   [  17% ] 0001/0200 VUs  1m33.5s/9m10s  0075.00 iters/s

running (1m42.9s), 0002/0700 VUs, 12862 complete and 0 interrupted iterations
guest    [  17% ] 0001/0500 VUs  1m34.5s/9m10s  0175.00 iters/s
member   [  17% ] 0001/0200 VUs  1m34.5s/9m10s  0075.00 iters/s

running (1m43.9s), 0002/0700 VUs, 13112 complete and 0 interrupted iterations
guest    [  17% ] 0001/0500 VUs  1m35.5s/9m10s  0175.00 iters/s
member   [  17% ] 0001/0200 VUs  1m35.5s/9m10s  0075.00 iters/s

running (1m44.9s), 0002/0700 VUs, 13362 complete and 0 interrupted iterations
guest    [  18% ] 0001/0500 VUs  1m36.5s/9m10s  0175.00 iters/s
member   [  18% ] 0001/0200 VUs  1m36.5s/9m10s  0075.00 iters/s

running (1m45.9s), 0002/0700 VUs, 13612 complete and 0 interrupted iterations
guest    [  18% ] 0001/0500 VUs  1m37.5s/9m10s  0175.00 iters/s
member   [  18% ] 0001/0200 VUs  1m37.5s/9m10s  0075.00 iters/s

running (1m46.9s), 0002/0700 VUs, 13862 complete and 0 interrupted iterations
guest    [  18% ] 0001/0500 VUs  1m38.5s/9m10s  0175.00 iters/s
member   [  18% ] 0001/0200 VUs  1m38.5s/9m10s  0075.00 iters/s

running (1m47.9s), 0002/0700 VUs, 14112 complete and 0 interrupted iterations
guest    [  18% ] 0001/0500 VUs  1m39.5s/9m10s  0175.00 iters/s
member   [  18% ] 0001/0200 VUs  1m39.5s/9m10s  0075.00 iters/s

running (1m48.9s), 0002/0700 VUs, 14362 complete and 0 interrupted iterations
guest    [  18% ] 0001/0500 VUs  1m40.5s/9m10s  0175.00 iters/s
member   [  18% ] 0001/0200 VUs  1m40.5s/9m10s  0075.00 iters/s

running (1m49.9s), 0002/0700 VUs, 14612 complete and 0 interrupted iterations
guest    [  18% ] 0001/0500 VUs  1m41.5s/9m10s  0175.00 iters/s
member   [  18% ] 0001/0200 VUs  1m41.5s/9m10s  0075.00 iters/s

running (1m50.9s), 0002/0700 VUs, 14862 complete and 0 interrupted iterations
guest    [  19% ] 0001/0500 VUs  1m42.5s/9m10s  0175.00 iters/s
member   [  19% ] 0001/0200 VUs  1m42.5s/9m10s  0075.00 iters/s

running (1m51.9s), 0002/0700 VUs, 15112 complete and 0 interrupted iterations
guest    [  19% ] 0001/0500 VUs  1m43.5s/9m10s  0175.00 iters/s
member   [  19% ] 0001/0200 VUs  1m43.5s/9m10s  0075.00 iters/s

running (1m52.9s), 0002/0700 VUs, 15362 complete and 0 interrupted iterations
guest    [  19% ] 0001/0500 VUs  1m44.5s/9m10s  0175.00 iters/s
member   [  19% ] 0001/0200 VUs  1m44.5s/9m10s  0075.00 iters/s

running (1m53.9s), 0002/0700 VUs, 15612 complete and 0 interrupted iterations
guest    [  19% ] 0001/0500 VUs  1m45.5s/9m10s  0175.00 iters/s
member   [  19% ] 0001/0200 VUs  1m45.5s/9m10s  0075.00 iters/s

running (1m54.9s), 0002/0700 VUs, 15862 complete and 0 interrupted iterations
guest    [  19% ] 0001/0500 VUs  1m46.5s/9m10s  0175.00 iters/s
member   [  19% ] 0001/0200 VUs  1m46.5s/9m10s  0075.00 iters/s
time="2026-04-21T18:40:42+09:00" level=warning msg="The test has generated metrics with 100008 unique time series, which is higher than the suggested limit of 100000 and could cause high memory usage. Consider not using high-cardinality values like unique IDs as metric tags or, if you need them in the URL, use the name metric tag or URL grouping. See https://grafana.com/docs/k6/latest/using-k6/tags-and-groups/ for details." component=metrics-engine-ingester

running (1m55.9s), 0002/0700 VUs, 16112 complete and 0 interrupted iterations
guest    [  20% ] 0001/0500 VUs  1m47.5s/9m10s  0175.00 iters/s
member   [  20% ] 0001/0200 VUs  1m47.5s/9m10s  0075.00 iters/s

running (1m56.9s), 0002/0700 VUs, 16362 complete and 0 interrupted iterations
guest    [  20% ] 0001/0500 VUs  1m48.5s/9m10s  0175.00 iters/s
member   [  20% ] 0001/0200 VUs  1m48.5s/9m10s  0075.00 iters/s

running (1m57.9s), 0002/0700 VUs, 16612 complete and 0 interrupted iterations
guest    [  20% ] 0001/0500 VUs  1m49.5s/9m10s  0175.00 iters/s
member   [  20% ] 0001/0200 VUs  1m49.5s/9m10s  0075.00 iters/s

running (1m58.9s), 0002/0700 VUs, 16862 complete and 0 interrupted iterations
guest    [  20% ] 0001/0500 VUs  1m50.5s/9m10s  0175.00 iters/s
member   [  20% ] 0001/0200 VUs  1m50.5s/9m10s  0075.00 iters/s

running (1m59.9s), 0002/0700 VUs, 17112 complete and 0 interrupted iterations
guest    [  20% ] 0001/0500 VUs  1m51.5s/9m10s  0175.00 iters/s
member   [  20% ] 0001/0200 VUs  1m51.5s/9m10s  0075.00 iters/s

running (2m00.9s), 0002/0700 VUs, 17362 complete and 0 interrupted iterations
guest    [  20% ] 0001/0500 VUs  1m52.5s/9m10s  0175.00 iters/s
member   [  20% ] 0001/0200 VUs  1m52.5s/9m10s  0075.00 iters/s

running (2m01.9s), 0002/0700 VUs, 17612 complete and 0 interrupted iterations
guest    [  21% ] 0001/0500 VUs  1m53.5s/9m10s  0175.00 iters/s
member   [  21% ] 0001/0200 VUs  1m53.5s/9m10s  0075.00 iters/s

running (2m02.9s), 0002/0700 VUs, 17862 complete and 0 interrupted iterations
guest    [  21% ] 0001/0500 VUs  1m54.5s/9m10s  0175.00 iters/s
member   [  21% ] 0001/0200 VUs  1m54.5s/9m10s  0075.00 iters/s

running (2m03.9s), 0002/0700 VUs, 18112 complete and 0 interrupted iterations
guest    [  21% ] 0001/0500 VUs  1m55.5s/9m10s  0175.00 iters/s
member   [  21% ] 0001/0200 VUs  1m55.5s/9m10s  0075.00 iters/s

running (2m04.9s), 0002/0700 VUs, 18362 complete and 0 interrupted iterations
guest    [  21% ] 0001/0500 VUs  1m56.5s/9m10s  0175.00 iters/s
member   [  21% ] 0001/0200 VUs  1m56.5s/9m10s  0075.00 iters/s

running (2m05.9s), 0002/0700 VUs, 18612 complete and 0 interrupted iterations
guest    [  21% ] 0001/0500 VUs  1m57.5s/9m10s  0175.00 iters/s
member   [  21% ] 0001/0200 VUs  1m57.5s/9m10s  0075.00 iters/s

running (2m06.9s), 0002/0700 VUs, 18862 complete and 0 interrupted iterations
guest    [  22% ] 0001/0500 VUs  1m58.5s/9m10s  0175.00 iters/s
member   [  22% ] 0001/0200 VUs  1m58.5s/9m10s  0075.00 iters/s

running (2m07.9s), 0002/0700 VUs, 19112 complete and 0 interrupted iterations
guest    [  22% ] 0001/0500 VUs  1m59.5s/9m10s  0175.00 iters/s
member   [  22% ] 0001/0200 VUs  1m59.5s/9m10s  0075.00 iters/s

running (2m08.9s), 0000/0700 VUs, 19365 complete and 0 interrupted iterations
guest    [  22% ] 0000/0500 VUs  2m00.5s/9m10s  0180.90 iters/s
member   [  22% ] 0000/0200 VUs  2m00.5s/9m10s  0077.52 iters/s

running (2m09.9s), 0001/0700 VUs, 19631 complete and 0 interrupted iterations
guest    [  22% ] 0001/0500 VUs  2m01.5s/9m10s  0192.58 iters/s
member   [  22% ] 0000/0200 VUs  2m01.5s/9m10s  0082.52 iters/s

running (2m10.9s), 0001/0700 VUs, 19915 complete and 0 interrupted iterations
guest    [  22% ] 0000/0500 VUs  2m02.5s/9m10s  0204.23 iters/s
member   [  22% ] 0001/0200 VUs  2m02.5s/9m10s  0087.58 iters/s

running (2m11.9s), 0001/0700 VUs, 20215 complete and 0 interrupted iterations
guest    [  22% ] 0000/0500 VUs  2m03.5s/9m10s  0215.89 iters/s
member   [  22% ] 0001/0200 VUs  2m03.5s/9m10s  0092.57 iters/s

running (2m12.9s), 0002/0700 VUs, 20531 complete and 0 interrupted iterations
guest    [  23% ] 0001/0500 VUs  2m04.5s/9m10s  0227.57 iters/s
member   [  23% ] 0001/0200 VUs  2m04.5s/9m10s  0097.57 iters/s

running (2m13.9s), 0002/0700 VUs, 20865 complete and 0 interrupted iterations
guest    [  23% ] 0001/0500 VUs  2m05.5s/9m10s  0239.27 iters/s
member   [  23% ] 0001/0200 VUs  2m05.5s/9m10s  0102.57 iters/s

running (2m14.9s), 0002/0700 VUs, 21215 complete and 0 interrupted iterations
guest    [  23% ] 0001/0500 VUs  2m06.5s/9m10s  0250.93 iters/s
member   [  23% ] 0001/0200 VUs  2m06.5s/9m10s  0107.56 iters/s

running (2m15.9s), 0001/0700 VUs, 21582 complete and 0 interrupted iterations
guest    [  23% ] 0000/0500 VUs  2m07.5s/9m10s  0262.56 iters/s
member   [  23% ] 0001/0200 VUs  2m07.5s/9m10s  0112.56 iters/s

running (2m16.9s), 0002/0700 VUs, 21965 complete and 0 interrupted iterations
guest    [  23% ] 0001/0500 VUs  2m08.5s/9m10s  0274.25 iters/s
member   [  23% ] 0001/0200 VUs  2m08.5s/9m10s  0117.56 iters/s

running (2m17.9s), 0002/0700 VUs, 22365 complete and 0 interrupted iterations
guest    [  24% ] 0001/0500 VUs  2m09.5s/9m10s  0285.92 iters/s
member   [  24% ] 0001/0200 VUs  2m09.5s/9m10s  0122.56 iters/s

running (2m18.9s), 0001/0700 VUs, 22783 complete and 0 interrupted iterations
guest    [  24% ] 0001/0500 VUs  2m10.5s/9m10s  0297.59 iters/s
member   [  24% ] 0000/0200 VUs  2m10.5s/9m10s  0127.55 iters/s

running (2m19.9s), 0001/0700 VUs, 23216 complete and 0 interrupted iterations
guest    [  24% ] 0001/0500 VUs  2m11.5s/9m10s  0309.24 iters/s
member   [  24% ] 0000/0200 VUs  2m11.5s/9m10s  0132.55 iters/s

running (2m20.9s), 0001/0700 VUs, 23666 complete and 0 interrupted iterations
guest    [  24% ] 0001/0500 VUs  2m12.5s/9m10s  0320.91 iters/s
member   [  24% ] 0000/0200 VUs  2m12.5s/9m10s  0137.55 iters/s

running (2m21.9s), 0002/0700 VUs, 24132 complete and 0 interrupted iterations
guest    [  24% ] 0001/0500 VUs  2m13.5s/9m10s  0332.58 iters/s
member   [  24% ] 0001/0200 VUs  2m13.5s/9m10s  0142.55 iters/s

running (2m22.9s), 0000/0700 VUs, 24617 complete and 0 interrupted iterations
guest    [  24% ] 0000/0500 VUs  2m14.5s/9m10s  0344.24 iters/s
member   [  24% ] 0000/0200 VUs  2m14.5s/9m10s  0147.55 iters/s

running (2m23.9s), 0002/0700 VUs, 25114 complete and 0 interrupted iterations
guest    [  25% ] 0001/0500 VUs  2m15.5s/9m10s  0350.00 iters/s
member   [  25% ] 0001/0200 VUs  2m15.5s/9m10s  0150.00 iters/s

running (2m24.9s), 0002/0700 VUs, 25614 complete and 0 interrupted iterations
guest    [  25% ] 0001/0500 VUs  2m16.5s/9m10s  0350.00 iters/s
member   [  25% ] 0001/0200 VUs  2m16.5s/9m10s  0150.00 iters/s

running (2m25.9s), 0002/0700 VUs, 26114 complete and 0 interrupted iterations
guest    [  25% ] 0001/0500 VUs  2m17.5s/9m10s  0350.00 iters/s
member   [  25% ] 0001/0200 VUs  2m17.5s/9m10s  0150.00 iters/s

running (2m26.9s), 0002/0700 VUs, 26614 complete and 0 interrupted iterations
guest    [  25% ] 0001/0500 VUs  2m18.5s/9m10s  0350.00 iters/s
member   [  25% ] 0001/0200 VUs  2m18.5s/9m10s  0150.00 iters/s

running (2m27.9s), 0002/0700 VUs, 27114 complete and 0 interrupted iterations
guest    [  25% ] 0001/0500 VUs  2m19.5s/9m10s  0350.00 iters/s
member   [  25% ] 0001/0200 VUs  2m19.5s/9m10s  0150.00 iters/s

running (2m28.9s), 0002/0700 VUs, 27614 complete and 0 interrupted iterations
guest    [  26% ] 0001/0500 VUs  2m20.5s/9m10s  0350.00 iters/s
member   [  26% ] 0001/0200 VUs  2m20.5s/9m10s  0150.00 iters/s

running (2m29.9s), 0002/0700 VUs, 28114 complete and 0 interrupted iterations
guest    [  26% ] 0001/0500 VUs  2m21.5s/9m10s  0350.00 iters/s
member   [  26% ] 0001/0200 VUs  2m21.5s/9m10s  0150.00 iters/s

running (2m30.9s), 0002/0700 VUs, 28614 complete and 0 interrupted iterations
guest    [  26% ] 0001/0500 VUs  2m22.5s/9m10s  0350.00 iters/s
member   [  26% ] 0001/0200 VUs  2m22.5s/9m10s  0150.00 iters/s

running (2m31.9s), 0002/0700 VUs, 29114 complete and 0 interrupted iterations
guest    [  26% ] 0001/0500 VUs  2m23.5s/9m10s  0350.00 iters/s
member   [  26% ] 0001/0200 VUs  2m23.5s/9m10s  0150.00 iters/s

running (2m32.9s), 0002/0700 VUs, 29614 complete and 0 interrupted iterations
guest    [  26% ] 0001/0500 VUs  2m24.5s/9m10s  0350.00 iters/s
member   [  26% ] 0001/0200 VUs  2m24.5s/9m10s  0150.00 iters/s

running (2m33.9s), 0002/0700 VUs, 30114 complete and 0 interrupted iterations
guest    [  26% ] 0001/0500 VUs  2m25.5s/9m10s  0350.00 iters/s
member   [  26% ] 0001/0200 VUs  2m25.5s/9m10s  0150.00 iters/s

running (2m34.9s), 0002/0700 VUs, 30614 complete and 0 interrupted iterations
guest    [  27% ] 0001/0500 VUs  2m26.5s/9m10s  0350.00 iters/s
member   [  27% ] 0001/0200 VUs  2m26.5s/9m10s  0150.00 iters/s

running (2m35.9s), 0002/0700 VUs, 31114 complete and 0 interrupted iterations
guest    [  27% ] 0001/0500 VUs  2m27.5s/9m10s  0350.00 iters/s
member   [  27% ] 0001/0200 VUs  2m27.5s/9m10s  0150.00 iters/s

running (2m36.9s), 0002/0700 VUs, 31614 complete and 0 interrupted iterations
guest    [  27% ] 0001/0500 VUs  2m28.5s/9m10s  0350.00 iters/s
member   [  27% ] 0001/0200 VUs  2m28.5s/9m10s  0150.00 iters/s
time="2026-04-21T18:41:24+09:00" level=warning msg="The test has generated metrics with 200106 unique time series, which is higher than the suggested limit of 100000 and could cause high memory usage. Consider not using high-cardinality values like unique IDs as metric tags or, if you need them in the URL, use the name metric tag or URL grouping. See https://grafana.com/docs/k6/latest/using-k6/tags-and-groups/ for details." component=metrics-engine-ingester

running (2m37.9s), 0002/0700 VUs, 32114 complete and 0 interrupted iterations
guest    [  27% ] 0001/0500 VUs  2m29.5s/9m10s  0350.00 iters/s
member   [  27% ] 0001/0200 VUs  2m29.5s/9m10s  0150.00 iters/s

running (2m38.9s), 0002/0700 VUs, 32614 complete and 0 interrupted iterations
guest    [  27% ] 0001/0500 VUs  2m30.5s/9m10s  0350.00 iters/s
member   [  27% ] 0001/0200 VUs  2m30.5s/9m10s  0150.00 iters/s

running (2m39.9s), 0002/0700 VUs, 33114 complete and 0 interrupted iterations
guest    [  28% ] 0001/0500 VUs  2m31.5s/9m10s  0350.00 iters/s
member   [  28% ] 0001/0200 VUs  2m31.5s/9m10s  0150.00 iters/s

running (2m40.9s), 0002/0700 VUs, 33614 complete and 0 interrupted iterations
guest    [  28% ] 0001/0500 VUs  2m32.5s/9m10s  0350.00 iters/s
member   [  28% ] 0001/0200 VUs  2m32.5s/9m10s  0150.00 iters/s

running (2m41.9s), 0002/0700 VUs, 34114 complete and 0 interrupted iterations
guest    [  28% ] 0001/0500 VUs  2m33.5s/9m10s  0350.00 iters/s
member   [  28% ] 0001/0200 VUs  2m33.5s/9m10s  0150.00 iters/s

running (2m42.9s), 0002/0700 VUs, 34614 complete and 0 interrupted iterations
guest    [  28% ] 0001/0500 VUs  2m34.5s/9m10s  0350.00 iters/s
member   [  28% ] 0001/0200 VUs  2m34.5s/9m10s  0150.00 iters/s

running (2m43.9s), 0002/0700 VUs, 35114 complete and 0 interrupted iterations
guest    [  28% ] 0001/0500 VUs  2m35.5s/9m10s  0350.00 iters/s
member   [  28% ] 0001/0200 VUs  2m35.5s/9m10s  0150.00 iters/s

running (2m44.9s), 0002/0700 VUs, 35614 complete and 0 interrupted iterations
guest    [  28% ] 0001/0500 VUs  2m36.5s/9m10s  0350.00 iters/s
member   [  28% ] 0001/0200 VUs  2m36.5s/9m10s  0150.00 iters/s

running (2m45.9s), 0002/0700 VUs, 36114 complete and 0 interrupted iterations
guest    [  29% ] 0001/0500 VUs  2m37.5s/9m10s  0350.00 iters/s
member   [  29% ] 0001/0200 VUs  2m37.5s/9m10s  0150.00 iters/s

running (2m46.9s), 0002/0700 VUs, 36614 complete and 0 interrupted iterations
guest    [  29% ] 0001/0500 VUs  2m38.5s/9m10s  0350.00 iters/s
member   [  29% ] 0001/0200 VUs  2m38.5s/9m10s  0150.00 iters/s

running (2m47.9s), 0002/0700 VUs, 37114 complete and 0 interrupted iterations
guest    [  29% ] 0001/0500 VUs  2m39.5s/9m10s  0350.00 iters/s
member   [  29% ] 0001/0200 VUs  2m39.5s/9m10s  0150.00 iters/s

running (2m48.9s), 0002/0700 VUs, 37614 complete and 0 interrupted iterations
guest    [  29% ] 0001/0500 VUs  2m40.5s/9m10s  0350.00 iters/s
member   [  29% ] 0001/0200 VUs  2m40.5s/9m10s  0150.00 iters/s

running (2m49.9s), 0002/0700 VUs, 38114 complete and 0 interrupted iterations
guest    [  29% ] 0001/0500 VUs  2m41.5s/9m10s  0350.00 iters/s
member   [  29% ] 0001/0200 VUs  2m41.5s/9m10s  0150.00 iters/s

running (2m50.9s), 0005/0700 VUs, 38610 complete and 0 interrupted iterations
guest    [  30% ] 0004/0500 VUs  2m42.5s/9m10s  0350.00 iters/s
member   [  30% ] 0001/0200 VUs  2m42.5s/9m10s  0150.00 iters/s

running (2m51.9s), 0002/0700 VUs, 39114 complete and 0 interrupted iterations
guest    [  30% ] 0001/0500 VUs  2m43.5s/9m10s  0350.00 iters/s
member   [  30% ] 0001/0200 VUs  2m43.5s/9m10s  0150.00 iters/s

running (2m52.9s), 0002/0700 VUs, 39614 complete and 0 interrupted iterations
guest    [  30% ] 0001/0500 VUs  2m44.5s/9m10s  0350.00 iters/s
member   [  30% ] 0001/0200 VUs  2m44.5s/9m10s  0150.00 iters/s

running (2m53.9s), 0002/0700 VUs, 40114 complete and 0 interrupted iterations
guest    [  30% ] 0001/0500 VUs  2m45.5s/9m10s  0350.00 iters/s
member   [  30% ] 0001/0200 VUs  2m45.5s/9m10s  0150.00 iters/s

running (2m54.9s), 0002/0700 VUs, 40614 complete and 0 interrupted iterations
guest    [  30% ] 0001/0500 VUs  2m46.5s/9m10s  0350.00 iters/s
member   [  30% ] 0001/0200 VUs  2m46.5s/9m10s  0150.00 iters/s

running (2m55.9s), 0002/0700 VUs, 41114 complete and 0 interrupted iterations
guest    [  30% ] 0001/0500 VUs  2m47.5s/9m10s  0350.00 iters/s
member   [  30% ] 0001/0200 VUs  2m47.5s/9m10s  0150.00 iters/s

running (2m56.9s), 0002/0700 VUs, 41614 complete and 0 interrupted iterations
guest    [  31% ] 0001/0500 VUs  2m48.5s/9m10s  0350.00 iters/s
member   [  31% ] 0001/0200 VUs  2m48.5s/9m10s  0150.00 iters/s

running (2m57.9s), 0002/0700 VUs, 42114 complete and 0 interrupted iterations
guest    [  31% ] 0001/0500 VUs  2m49.5s/9m10s  0350.00 iters/s
member   [  31% ] 0001/0200 VUs  2m49.5s/9m10s  0150.00 iters/s

running (2m58.9s), 0002/0700 VUs, 42614 complete and 0 interrupted iterations
guest    [  31% ] 0001/0500 VUs  2m50.5s/9m10s  0350.00 iters/s
member   [  31% ] 0001/0200 VUs  2m50.5s/9m10s  0150.00 iters/s

running (2m59.9s), 0002/0700 VUs, 43114 complete and 0 interrupted iterations
guest    [  31% ] 0001/0500 VUs  2m51.5s/9m10s  0350.00 iters/s
member   [  31% ] 0001/0200 VUs  2m51.5s/9m10s  0150.00 iters/s

running (3m00.9s), 0002/0700 VUs, 43614 complete and 0 interrupted iterations
guest    [  31% ] 0001/0500 VUs  2m52.5s/9m10s  0350.00 iters/s
member   [  31% ] 0001/0200 VUs  2m52.5s/9m10s  0150.00 iters/s

running (3m01.9s), 0002/0700 VUs, 44114 complete and 0 interrupted iterations
guest    [  32% ] 0001/0500 VUs  2m53.5s/9m10s  0350.00 iters/s
member   [  32% ] 0001/0200 VUs  2m53.5s/9m10s  0150.00 iters/s

running (3m02.9s), 0002/0700 VUs, 44614 complete and 0 interrupted iterations
guest    [  32% ] 0001/0500 VUs  2m54.5s/9m10s  0350.00 iters/s
member   [  32% ] 0001/0200 VUs  2m54.5s/9m10s  0150.00 iters/s

running (3m03.9s), 0002/0700 VUs, 45114 complete and 0 interrupted iterations
guest    [  32% ] 0001/0500 VUs  2m55.5s/9m10s  0350.00 iters/s
member   [  32% ] 0001/0200 VUs  2m55.5s/9m10s  0150.00 iters/s

running (3m04.9s), 0002/0700 VUs, 45614 complete and 0 interrupted iterations
guest    [  32% ] 0001/0500 VUs  2m56.5s/9m10s  0350.00 iters/s
member   [  32% ] 0001/0200 VUs  2m56.5s/9m10s  0150.00 iters/s

running (3m05.9s), 0002/0700 VUs, 46114 complete and 0 interrupted iterations
guest    [  32% ] 0001/0500 VUs  2m57.5s/9m10s  0350.00 iters/s
member   [  32% ] 0001/0200 VUs  2m57.5s/9m10s  0150.00 iters/s

running (3m06.9s), 0002/0700 VUs, 46614 complete and 0 interrupted iterations
guest    [  32% ] 0001/0500 VUs  2m58.5s/9m10s  0350.00 iters/s
member   [  32% ] 0001/0200 VUs  2m58.5s/9m10s  0150.00 iters/s

running (3m07.9s), 0002/0700 VUs, 47114 complete and 0 interrupted iterations
guest    [  33% ] 0001/0500 VUs  2m59.5s/9m10s  0350.00 iters/s
member   [  33% ] 0001/0200 VUs  2m59.5s/9m10s  0150.00 iters/s

running (3m08.9s), 0003/0700 VUs, 47617 complete and 0 interrupted iterations
guest    [  33% ] 0002/0500 VUs  3m00.5s/9m10s  0361.83 iters/s
member   [  33% ] 0001/0200 VUs  3m00.5s/9m10s  0155.11 iters/s

running (3m09.9s), 0001/0700 VUs, 48152 complete and 0 interrupted iterations
guest    [  33% ] 0000/0500 VUs  3m01.5s/9m10s  0385.14 iters/s
member   [  33% ] 0001/0200 VUs  3m01.5s/9m10s  0165.11 iters/s

running (3m10.9s), 0000/0700 VUs, 48720 complete and 0 interrupted iterations
guest    [  33% ] 0000/0500 VUs  3m02.5s/9m10s  0408.48 iters/s
member   [  33% ] 0000/0200 VUs  3m02.5s/9m10s  0175.10 iters/s

running (3m11.9s), 0000/0700 VUs, 49320 complete and 0 interrupted iterations
guest    [  33% ] 0000/0500 VUs  3m03.5s/9m10s  0431.81 iters/s
member   [  33% ] 0000/0200 VUs  3m03.5s/9m10s  0185.09 iters/s

running (3m12.9s), 0001/0700 VUs, 49953 complete and 0 interrupted iterations
guest    [  34% ] 0001/0500 VUs  3m04.5s/9m10s  0455.17 iters/s
member   [  34% ] 0000/0200 VUs  3m04.5s/9m10s  0195.09 iters/s

running (3m13.9s), 0001/0700 VUs, 50620 complete and 0 interrupted iterations
guest    [  34% ] 0001/0500 VUs  3m05.5s/9m10s  0478.51 iters/s
member   [  34% ] 0000/0200 VUs  3m05.5s/9m10s  0205.09 iters/s

running (3m14.9s), 0004/0700 VUs, 51318 complete and 0 interrupted iterations
guest    [  34% ] 0002/0500 VUs  3m06.5s/9m10s  0501.83 iters/s
member   [  34% ] 0002/0200 VUs  3m06.5s/9m10s  0215.13 iters/s

running (3m15.9s), 0002/0700 VUs, 52053 complete and 0 interrupted iterations
guest    [  34% ] 0001/0500 VUs  3m07.5s/9m10s  0525.14 iters/s
member   [  34% ] 0001/0200 VUs  3m07.5s/9m10s  0225.12 iters/s

running (3m16.9s), 0002/0700 VUs, 52820 complete and 0 interrupted iterations
guest    [  34% ] 0001/0500 VUs  3m08.5s/9m10s  0548.49 iters/s
member   [  34% ] 0001/0200 VUs  3m08.5s/9m10s  0235.12 iters/s

running (3m17.9s), 0002/0700 VUs, 53620 complete and 0 interrupted iterations
guest    [  34% ] 0001/0500 VUs  3m09.5s/9m10s  0571.81 iters/s
member   [  34% ] 0001/0200 VUs  3m09.5s/9m10s  0245.11 iters/s

running (3m18.9s), 0003/0700 VUs, 54453 complete and 0 interrupted iterations
guest    [  35% ] 0002/0500 VUs  3m10.5s/9m10s  0595.17 iters/s
member   [  35% ] 0001/0200 VUs  3m10.5s/9m10s  0255.11 iters/s

running (3m19.9s), 0003/0700 VUs, 55320 complete and 0 interrupted iterations
guest    [  35% ] 0002/0500 VUs  3m11.5s/9m10s  0618.51 iters/s
member   [  35% ] 0001/0200 VUs  3m11.5s/9m10s  0265.10 iters/s

running (3m20.9s), 0003/0700 VUs, 56220 complete and 0 interrupted iterations
guest    [  35% ] 0002/0500 VUs  3m12.5s/9m10s  0641.83 iters/s
member   [  35% ] 0001/0200 VUs  3m12.5s/9m10s  0275.10 iters/s

running (3m21.9s), 0003/0700 VUs, 57153 complete and 0 interrupted iterations
guest    [  35% ] 0002/0500 VUs  3m13.5s/9m10s  0665.15 iters/s
member   [  35% ] 0001/0200 VUs  3m13.5s/9m10s  0285.10 iters/s

running (3m22.9s), 0023/0700 VUs, 58100 complete and 0 interrupted iterations
guest    [  35% ] 0013/0500 VUs  3m14.5s/9m10s  0688.49 iters/s
member   [  35% ] 0010/0200 VUs  3m14.5s/9m10s  0295.09 iters/s

running (3m23.9s), 0003/0700 VUs, 59116 complete and 0 interrupted iterations
guest    [  36% ] 0002/0500 VUs  3m15.5s/9m10s  0700.00 iters/s
member   [  36% ] 0001/0200 VUs  3m15.5s/9m10s  0300.00 iters/s

running (3m24.9s), 0002/0700 VUs, 60117 complete and 0 interrupted iterations
guest    [  36% ] 0001/0500 VUs  3m16.5s/9m10s  0700.00 iters/s
member   [  36% ] 0001/0200 VUs  3m16.5s/9m10s  0300.00 iters/s

running (3m25.9s), 0004/0700 VUs, 61115 complete and 0 interrupted iterations
guest    [  36% ] 0002/0500 VUs  3m17.5s/9m10s  0700.00 iters/s
member   [  36% ] 0002/0200 VUs  3m17.5s/9m10s  0300.00 iters/s

running (3m26.9s), 0003/0700 VUs, 62116 complete and 0 interrupted iterations
guest    [  36% ] 0002/0500 VUs  3m18.5s/9m10s  0700.00 iters/s
member   [  36% ] 0001/0200 VUs  3m18.5s/9m10s  0300.00 iters/s

running (3m27.9s), 0002/0700 VUs, 63117 complete and 0 interrupted iterations
guest    [  36% ] 0001/0500 VUs  3m19.5s/9m10s  0700.00 iters/s
member   [  36% ] 0001/0200 VUs  3m19.5s/9m10s  0300.00 iters/s

running (3m28.9s), 0002/0700 VUs, 64117 complete and 0 interrupted iterations
guest    [  36% ] 0001/0500 VUs  3m20.5s/9m10s  0700.00 iters/s
member   [  36% ] 0001/0200 VUs  3m20.5s/9m10s  0300.00 iters/s
time="2026-04-21T18:42:16+09:00" level=warning msg="The test has generated metrics with 400158 unique time series, which is higher than the suggested limit of 100000 and could cause high memory usage. Consider not using high-cardinality values like unique IDs as metric tags or, if you need them in the URL, use the name metric tag or URL grouping. See https://grafana.com/docs/k6/latest/using-k6/tags-and-groups/ for details." component=metrics-engine-ingester

running (3m29.9s), 0003/0700 VUs, 65116 complete and 0 interrupted iterations
guest    [  37% ] 0002/0500 VUs  3m21.5s/9m10s  0700.00 iters/s
member   [  37% ] 0001/0200 VUs  3m21.5s/9m10s  0300.00 iters/s

running (3m30.9s), 0002/0700 VUs, 66117 complete and 0 interrupted iterations
guest    [  37% ] 0001/0500 VUs  3m22.5s/9m10s  0700.00 iters/s
member   [  37% ] 0001/0200 VUs  3m22.5s/9m10s  0300.00 iters/s

running (3m31.9s), 0008/0700 VUs, 67111 complete and 0 interrupted iterations
guest    [  37% ] 0005/0500 VUs  3m23.5s/9m10s  0700.00 iters/s
member   [  37% ] 0003/0200 VUs  3m23.5s/9m10s  0300.00 iters/s

running (3m32.9s), 0003/0700 VUs, 68116 complete and 0 interrupted iterations
guest    [  37% ] 0002/0500 VUs  3m24.5s/9m10s  0700.00 iters/s
member   [  37% ] 0001/0200 VUs  3m24.5s/9m10s  0300.00 iters/s

running (3m33.9s), 0005/0700 VUs, 69114 complete and 0 interrupted iterations
guest    [  37% ] 0003/0500 VUs  3m25.5s/9m10s  0700.00 iters/s
member   [  37% ] 0002/0200 VUs  3m25.5s/9m10s  0300.00 iters/s

running (3m34.9s), 0004/0700 VUs, 70115 complete and 0 interrupted iterations
guest    [  38% ] 0002/0500 VUs  3m26.5s/9m10s  0700.00 iters/s
member   [  38% ] 0001/0200 VUs  3m26.5s/9m10s  0300.00 iters/s

running (3m35.9s), 0002/0700 VUs, 71117 complete and 0 interrupted iterations
guest    [  38% ] 0001/0500 VUs  3m27.5s/9m10s  0700.00 iters/s
member   [  38% ] 0001/0200 VUs  3m27.5s/9m10s  0300.00 iters/s

running (3m36.9s), 0003/0700 VUs, 72116 complete and 0 interrupted iterations
guest    [  38% ] 0002/0500 VUs  3m28.5s/9m10s  0700.00 iters/s
member   [  38% ] 0001/0200 VUs  3m28.5s/9m10s  0300.00 iters/s

running (3m37.9s), 0002/0700 VUs, 73117 complete and 0 interrupted iterations
guest    [  38% ] 0001/0500 VUs  3m29.5s/9m10s  0700.00 iters/s
member   [  38% ] 0001/0200 VUs  3m29.5s/9m10s  0300.00 iters/s

running (3m38.9s), 0003/0700 VUs, 74116 complete and 0 interrupted iterations
guest    [  38% ] 0002/0500 VUs  3m30.5s/9m10s  0700.00 iters/s
member   [  38% ] 0001/0200 VUs  3m30.5s/9m10s  0300.00 iters/s

running (3m39.9s), 0004/0700 VUs, 75116 complete and 0 interrupted iterations
guest    [  38% ] 0003/0500 VUs  3m31.5s/9m10s  0700.00 iters/s
member   [  38% ] 0001/0200 VUs  3m31.5s/9m10s  0300.00 iters/s

running (3m40.9s), 0002/0700 VUs, 76117 complete and 0 interrupted iterations
guest    [  39% ] 0001/0500 VUs  3m32.5s/9m10s  0700.00 iters/s
member   [  39% ] 0001/0200 VUs  3m32.5s/9m10s  0300.00 iters/s

running (3m41.9s), 0008/0700 VUs, 77111 complete and 0 interrupted iterations
guest    [  39% ] 0005/0500 VUs  3m33.5s/9m10s  0700.00 iters/s
member   [  39% ] 0003/0200 VUs  3m33.5s/9m10s  0300.00 iters/s

running (3m42.9s), 0003/0700 VUs, 78116 complete and 0 interrupted iterations
guest    [  39% ] 0002/0500 VUs  3m34.5s/9m10s  0700.00 iters/s
member   [  39% ] 0001/0200 VUs  3m34.5s/9m10s  0300.00 iters/s

running (3m43.9s), 0002/0700 VUs, 79117 complete and 0 interrupted iterations
guest    [  39% ] 0001/0500 VUs  3m35.5s/9m10s  0700.00 iters/s
member   [  39% ] 0001/0200 VUs  3m35.5s/9m10s  0300.00 iters/s

running (3m44.9s), 0003/0700 VUs, 80116 complete and 0 interrupted iterations
guest    [  39% ] 0002/0500 VUs  3m36.5s/9m10s  0700.00 iters/s
member   [  39% ] 0001/0200 VUs  3m36.5s/9m10s  0300.00 iters/s

running (3m45.9s), 0035/0700 VUs, 81084 complete and 0 interrupted iterations
guest    [  40% ] 0022/0500 VUs  3m37.5s/9m10s  0700.00 iters/s
member   [  40% ] 0013/0200 VUs  3m37.5s/9m10s  0300.00 iters/s

running (3m46.9s), 0002/0700 VUs, 82117 complete and 0 interrupted iterations
guest    [  40% ] 0001/0500 VUs  3m38.5s/9m10s  0700.00 iters/s
member   [  40% ] 0001/0200 VUs  3m38.5s/9m10s  0300.00 iters/s

running (3m47.9s), 0003/0700 VUs, 83116 complete and 0 interrupted iterations
guest    [  40% ] 0002/0500 VUs  3m39.5s/9m10s  0700.00 iters/s
member   [  40% ] 0001/0200 VUs  3m39.5s/9m10s  0300.00 iters/s

running (3m48.9s), 0003/0700 VUs, 84116 complete and 0 interrupted iterations
guest    [  40% ] 0002/0500 VUs  3m40.5s/9m10s  0700.00 iters/s
member   [  40% ] 0001/0200 VUs  3m40.5s/9m10s  0300.00 iters/s

running (3m49.9s), 0002/0700 VUs, 85117 complete and 0 interrupted iterations
guest    [  40% ] 0001/0500 VUs  3m41.5s/9m10s  0700.00 iters/s
member   [  40% ] 0001/0200 VUs  3m41.5s/9m10s  0300.00 iters/s

running (3m50.9s), 0003/0700 VUs, 86116 complete and 0 interrupted iterations
guest    [  40% ] 0002/0500 VUs  3m42.5s/9m10s  0700.00 iters/s
member   [  40% ] 0001/0200 VUs  3m42.5s/9m10s  0300.00 iters/s

running (3m51.9s), 0002/0700 VUs, 87117 complete and 0 interrupted iterations
guest    [  41% ] 0001/0500 VUs  3m43.5s/9m10s  0700.00 iters/s
member   [  41% ] 0001/0200 VUs  3m43.5s/9m10s  0300.00 iters/s

running (3m52.9s), 0002/0700 VUs, 88117 complete and 0 interrupted iterations
guest    [  41% ] 0001/0500 VUs  3m44.5s/9m10s  0700.00 iters/s
member   [  41% ] 0001/0200 VUs  3m44.5s/9m10s  0300.00 iters/s

running (3m53.9s), 0002/0700 VUs, 89117 complete and 0 interrupted iterations
guest    [  41% ] 0001/0500 VUs  3m45.5s/9m10s  0700.00 iters/s
member   [  41% ] 0001/0200 VUs  3m45.5s/9m10s  0300.00 iters/s

running (3m54.9s), 0002/0700 VUs, 90117 complete and 0 interrupted iterations
guest    [  41% ] 0001/0500 VUs  3m46.5s/9m10s  0700.00 iters/s
member   [  41% ] 0001/0200 VUs  3m46.5s/9m10s  0300.00 iters/s

running (3m55.9s), 0003/0700 VUs, 91116 complete and 0 interrupted iterations
guest    [  41% ] 0002/0500 VUs  3m47.5s/9m10s  0700.00 iters/s
member   [  41% ] 0001/0200 VUs  3m47.5s/9m10s  0300.00 iters/s

running (3m56.9s), 0003/0700 VUs, 92116 complete and 0 interrupted iterations
guest    [  42% ] 0002/0500 VUs  3m48.5s/9m10s  0700.00 iters/s
member   [  42% ] 0001/0200 VUs  3m48.5s/9m10s  0300.00 iters/s

running (3m57.9s), 0004/0700 VUs, 93115 complete and 0 interrupted iterations
guest    [  42% ] 0002/0500 VUs  3m49.5s/9m10s  0700.00 iters/s
member   [  42% ] 0002/0200 VUs  3m49.5s/9m10s  0300.00 iters/s

running (3m58.9s), 0060/0700 VUs, 94060 complete and 0 interrupted iterations
guest    [  42% ] 0041/0500 VUs  3m50.5s/9m10s  0700.00 iters/s
member   [  42% ] 0019/0200 VUs  3m50.5s/9m10s  0300.00 iters/s

running (3m59.9s), 0003/0700 VUs, 95116 complete and 0 interrupted iterations
guest    [  42% ] 0002/0500 VUs  3m51.5s/9m10s  0700.00 iters/s
member   [  42% ] 0001/0200 VUs  3m51.5s/9m10s  0300.00 iters/s

running (4m00.9s), 0003/0700 VUs, 96116 complete and 0 interrupted iterations
guest    [  42% ] 0002/0500 VUs  3m52.5s/9m10s  0700.00 iters/s
member   [  42% ] 0001/0200 VUs  3m52.5s/9m10s  0300.00 iters/s

running (4m01.9s), 0002/0700 VUs, 97117 complete and 0 interrupted iterations
guest    [  42% ] 0001/0500 VUs  3m53.5s/9m10s  0700.00 iters/s
member   [  42% ] 0001/0200 VUs  3m53.5s/9m10s  0300.00 iters/s

running (4m02.9s), 0002/0700 VUs, 98117 complete and 0 interrupted iterations
guest    [  43% ] 0001/0500 VUs  3m54.5s/9m10s  0700.00 iters/s
member   [  43% ] 0001/0200 VUs  3m54.5s/9m10s  0300.00 iters/s

running (4m03.9s), 0002/0700 VUs, 99117 complete and 0 interrupted iterations
guest    [  43% ] 0001/0500 VUs  3m55.5s/9m10s  0700.00 iters/s
member   [  43% ] 0001/0200 VUs  3m55.5s/9m10s  0300.00 iters/s

running (4m04.9s), 0002/0700 VUs, 100117 complete and 0 interrupted iterations
guest    [  43% ] 0001/0500 VUs  3m56.5s/9m10s  0700.00 iters/s
member   [  43% ] 0001/0200 VUs  3m56.5s/9m10s  0300.00 iters/s

running (4m05.9s), 0003/0700 VUs, 101116 complete and 0 interrupted iterations
guest    [  43% ] 0002/0500 VUs  3m57.5s/9m10s  0700.00 iters/s
member   [  43% ] 0001/0200 VUs  3m57.5s/9m10s  0300.00 iters/s

running (4m06.9s), 0003/0700 VUs, 102116 complete and 0 interrupted iterations
guest    [  43% ] 0002/0500 VUs  3m58.5s/9m10s  0700.00 iters/s
member   [  43% ] 0001/0200 VUs  3m58.5s/9m10s  0300.00 iters/s

running (4m07.9s), 0003/0700 VUs, 103116 complete and 0 interrupted iterations
guest    [  44% ] 0002/0500 VUs  3m59.5s/9m10s  0700.00 iters/s
member   [  44% ] 0001/0200 VUs  3m59.5s/9m10s  0300.00 iters/s

running (4m08.9s), 0002/0700 VUs, 104121 complete and 0 interrupted iterations
guest    [  44% ] 0001/0500 VUs  4m00.5s/9m10s  0711.82 iters/s
member   [  44% ] 0001/0200 VUs  4m00.5s/9m10s  0305.09 iters/s

running (4m09.9s), 0005/0700 VUs, 105153 complete and 0 interrupted iterations
guest    [  44% ] 0003/0500 VUs  4m01.5s/9m10s  0735.17 iters/s
member   [  44% ] 0002/0200 VUs  4m01.5s/9m10s  0315.12 iters/s

running (4m10.9s), 0005/0700 VUs, 106220 complete and 0 interrupted iterations
guest    [  44% ] 0003/0500 VUs  4m02.5s/9m10s  0758.50 iters/s
member   [  44% ] 0002/0200 VUs  4m02.5s/9m10s  0325.12 iters/s

running (4m11.9s), 0005/0700 VUs, 107320 complete and 0 interrupted iterations
guest    [  44% ] 0003/0500 VUs  4m03.5s/9m10s  0781.83 iters/s
member   [  44% ] 0002/0200 VUs  4m03.5s/9m10s  0335.11 iters/s

running (4m12.9s), 0006/0700 VUs, 108452 complete and 0 interrupted iterations
guest    [  44% ] 0003/0500 VUs  4m04.5s/9m10s  0805.15 iters/s
member   [  44% ] 0003/0200 VUs  4m04.5s/9m10s  0345.11 iters/s

running (4m13.9s), 0006/0700 VUs, 109619 complete and 0 interrupted iterations
guest    [  45% ] 0004/0500 VUs  4m05.5s/9m10s  0828.49 iters/s
member   [  45% ] 0002/0200 VUs  4m05.5s/9m10s  0355.11 iters/s

running (4m14.9s), 0008/0700 VUs, 110817 complete and 0 interrupted iterations
guest    [  45% ] 0005/0500 VUs  4m06.5s/9m10s  0851.82 iters/s
member   [  45% ] 0003/0200 VUs  4m06.5s/9m10s  0365.10 iters/s

running (4m15.9s), 0007/0700 VUs, 112052 complete and 0 interrupted iterations
guest    [  45% ] 0005/0500 VUs  4m07.5s/9m10s  0875.17 iters/s
member   [  45% ] 0002/0200 VUs  4m07.5s/9m10s  0375.10 iters/s

running (4m16.9s), 0015/0700 VUs, 113311 complete and 0 interrupted iterations
guest    [  45% ] 0010/0500 VUs  4m08.5s/9m10s  0898.50 iters/s
member   [  45% ] 0005/0200 VUs  4m08.5s/9m10s  0385.10 iters/s

running (4m17.9s), 0006/0700 VUs, 114620 complete and 0 interrupted iterations
guest    [  45% ] 0004/0500 VUs  4m09.5s/9m10s  0921.83 iters/s
member   [  45% ] 0002/0200 VUs  4m09.5s/9m10s  0395.09 iters/s

running (4m18.9s), 0005/0700 VUs, 115954 complete and 0 interrupted iterations
guest    [  46% ] 0003/0500 VUs  4m10.5s/9m10s  0945.15 iters/s
member   [  46% ] 0002/0200 VUs  4m10.5s/9m10s  0405.09 iters/s

running (4m19.9s), 0043/0700 VUs, 117284 complete and 0 interrupted iterations
guest    [  46% ] 0026/0500 VUs  4m11.5s/9m10s  0968.49 iters/s
member   [  46% ] 0016/0200 VUs  4m11.5s/9m10s  0415.11 iters/s

running (4m20.9s), 0008/0700 VUs, 118719 complete and 0 interrupted iterations
guest    [  46% ] 0005/0500 VUs  4m12.5s/9m10s  0991.82 iters/s
member   [  46% ] 0003/0200 VUs  4m12.5s/9m10s  0425.11 iters/s

running (4m21.9s), 0014/0700 VUs, 120147 complete and 0 interrupted iterations
guest    [  46% ] 0008/0500 VUs  4m13.5s/9m10s  1015.17 iters/s
member   [  46% ] 0006/0200 VUs  4m13.5s/9m10s  0435.11 iters/s

running (4m22.9s), 0045/0700 VUs, 121583 complete and 0 interrupted iterations
guest    [  46% ] 0025/0500 VUs  4m14.5s/9m10s  1038.50 iters/s
member   [  46% ] 0020/0200 VUs  4m14.5s/9m10s  0445.11 iters/s

running (4m23.9s), 0007/0700 VUs, 123117 complete and 0 interrupted iterations
guest    [  46% ] 0004/0500 VUs  4m15.5s/9m10s  1050.00 iters/s
member   [  46% ] 0003/0200 VUs  4m15.5s/9m10s  0450.00 iters/s

running (4m24.9s), 0180/0700 VUs, 124444 complete and 0 interrupted iterations
guest    [  47% ] 0123/0500 VUs  4m16.5s/9m10s  1050.00 iters/s
member   [  47% ] 0057/0200 VUs  4m16.5s/9m10s  0450.00 iters/s

running (4m25.9s), 0012/0700 VUs, 126112 complete and 0 interrupted iterations
guest    [  47% ] 0008/0500 VUs  4m17.5s/9m10s  1050.00 iters/s
member   [  47% ] 0004/0200 VUs  4m17.5s/9m10s  0450.00 iters/s

running (4m26.9s), 0008/0700 VUs, 127616 complete and 0 interrupted iterations
guest    [  47% ] 0005/0500 VUs  4m18.5s/9m10s  1050.00 iters/s
member   [  47% ] 0003/0200 VUs  4m18.5s/9m10s  0450.00 iters/s

running (4m27.9s), 0007/0700 VUs, 129117 complete and 0 interrupted iterations
guest    [  47% ] 0004/0500 VUs  4m19.5s/9m10s  1050.00 iters/s
member   [  47% ] 0003/0200 VUs  4m19.5s/9m10s  0450.00 iters/s

running (4m28.9s), 0021/0700 VUs, 130603 complete and 0 interrupted iterations
guest    [  47% ] 0013/0500 VUs  4m20.5s/9m10s  1050.00 iters/s
member   [  47% ] 0008/0200 VUs  4m20.5s/9m10s  0450.00 iters/s
time="2026-04-21T18:43:15+09:00" level=warning msg="The test has generated metrics with 800667 unique time series, which is higher than the suggested limit of 100000 and could cause high memory usage. Consider not using high-cardinality values like unique IDs as metric tags or, if you need them in the URL, use the name metric tag or URL grouping. See https://grafana.com/docs/k6/latest/using-k6/tags-and-groups/ for details." component=metrics-engine-ingester

running (4m29.9s), 0009/0700 VUs, 132115 complete and 0 interrupted iterations
guest    [  48% ] 0006/0500 VUs  4m21.5s/9m10s  1050.00 iters/s
member   [  48% ] 0003/0200 VUs  4m21.5s/9m10s  0450.00 iters/s

running (4m30.9s), 0008/0700 VUs, 133616 complete and 0 interrupted iterations
guest    [  48% ] 0005/0500 VUs  4m22.5s/9m10s  1050.00 iters/s
member   [  48% ] 0003/0200 VUs  4m22.5s/9m10s  0450.00 iters/s

running (4m31.9s), 0010/0700 VUs, 135114 complete and 0 interrupted iterations
guest    [  48% ] 0006/0500 VUs  4m23.5s/9m10s  1050.00 iters/s
member   [  48% ] 0004/0200 VUs  4m23.5s/9m10s  0450.00 iters/s

running (4m32.9s), 0011/0700 VUs, 136613 complete and 0 interrupted iterations
guest    [  48% ] 0006/0500 VUs  4m24.5s/9m10s  1050.00 iters/s
member   [  48% ] 0005/0200 VUs  4m24.5s/9m10s  0450.00 iters/s

running (4m33.9s), 0011/0700 VUs, 138113 complete and 0 interrupted iterations
guest    [  48% ] 0007/0500 VUs  4m25.5s/9m10s  1050.00 iters/s
member   [  48% ] 0004/0200 VUs  4m25.5s/9m10s  0450.00 iters/s

running (4m34.9s), 0008/0700 VUs, 139616 complete and 0 interrupted iterations
guest    [  48% ] 0004/0500 VUs  4m26.5s/9m10s  1050.00 iters/s
member   [  48% ] 0004/0200 VUs  4m26.5s/9m10s  0450.00 iters/s

running (4m35.9s), 0032/0700 VUs, 141099 complete and 0 interrupted iterations
guest    [  49% ] 0022/0500 VUs  4m27.5s/9m10s  1050.00 iters/s
member   [  49% ] 0011/0200 VUs  4m27.5s/9m10s  0450.00 iters/s

running (4m36.9s), 0192/0700 VUs, 142432 complete and 0 interrupted iterations
guest    [  49% ] 0110/0500 VUs  4m28.5s/9m10s  1050.00 iters/s
member   [  49% ] 0082/0200 VUs  4m28.5s/9m10s  0450.00 iters/s

running (4m37.9s), 0021/0700 VUs, 144103 complete and 0 interrupted iterations
guest    [  49% ] 0013/0500 VUs  4m29.5s/9m10s  1050.00 iters/s
member   [  49% ] 0008/0200 VUs  4m29.5s/9m10s  0450.00 iters/s

running (4m38.9s), 0121/0700 VUs, 145509 complete and 0 interrupted iterations
guest    [  49% ] 0084/0500 VUs  4m30.5s/9m10s  1050.00 iters/s
member   [  49% ] 0037/0200 VUs  4m30.5s/9m10s  0450.00 iters/s

running (4m39.9s), 0011/0700 VUs, 147113 complete and 0 interrupted iterations
guest    [  49% ] 0006/0500 VUs  4m31.5s/9m10s  1050.00 iters/s
member   [  49% ] 0005/0200 VUs  4m31.5s/9m10s  0450.00 iters/s

running (4m40.9s), 0011/0700 VUs, 148613 complete and 0 interrupted iterations
guest    [  50% ] 0007/0500 VUs  4m32.5s/9m10s  1050.00 iters/s
member   [  50% ] 0004/0200 VUs  4m32.5s/9m10s  0450.00 iters/s

running (4m41.9s), 0032/0700 VUs, 150089 complete and 0 interrupted iterations
guest    [  50% ] 0021/0500 VUs  4m33.5s/9m10s  1050.00 iters/s
member   [  50% ] 0011/0200 VUs  4m33.5s/9m10s  0450.00 iters/s

running (4m42.9s), 0468/0700 VUs, 151157 complete and 0 interrupted iterations
guest    [  50% ] 0310/0500 VUs  4m34.5s/9m10s  1050.00 iters/s
member   [  50% ] 0158/0200 VUs  4m34.5s/9m10s  0450.00 iters/s

running (4m43.9s), 0009/0700 VUs, 153115 complete and 0 interrupted iterations
guest    [  50% ] 0006/0500 VUs  4m35.5s/9m10s  1050.00 iters/s
member   [  50% ] 0003/0200 VUs  4m35.5s/9m10s  0450.00 iters/s

running (4m44.9s), 0009/0700 VUs, 154615 complete and 0 interrupted iterations
guest    [  50% ] 0005/0500 VUs  4m36.5s/9m10s  1050.00 iters/s
member   [  50% ] 0004/0200 VUs  4m36.5s/9m10s  0450.00 iters/s

running (4m45.9s), 0007/0700 VUs, 156117 complete and 0 interrupted iterations
guest    [  50% ] 0004/0500 VUs  4m37.5s/9m10s  1050.00 iters/s
member   [  50% ] 0003/0200 VUs  4m37.5s/9m10s  0450.00 iters/s

running (4m46.9s), 0019/0700 VUs, 157605 complete and 0 interrupted iterations
guest    [  51% ] 0011/0500 VUs  4m38.5s/9m10s  1050.00 iters/s
member   [  51% ] 0008/0200 VUs  4m38.5s/9m10s  0450.00 iters/s

running (4m47.9s), 0012/0700 VUs, 159112 complete and 0 interrupted iterations
guest    [  51% ] 0008/0500 VUs  4m39.5s/9m10s  1050.00 iters/s
member   [  51% ] 0004/0200 VUs  4m39.5s/9m10s  0450.00 iters/s

running (4m48.9s), 0353/0700 VUs, 160268 complete and 0 interrupted iterations
guest    [  51% ] 0241/0500 VUs  4m40.5s/9m10s  1050.00 iters/s
member   [  51% ] 0112/0200 VUs  4m40.5s/9m10s  0450.00 iters/s

running (4m49.9s), 0291/0700 VUs, 161833 complete and 0 interrupted iterations
guest    [  51% ] 0179/0500 VUs  4m41.5s/9m10s  1050.00 iters/s
member   [  51% ] 0112/0200 VUs  4m41.5s/9m10s  0450.00 iters/s

running (4m50.9s), 0007/0700 VUs, 163617 complete and 0 interrupted iterations
guest    [  51% ] 0004/0500 VUs  4m42.5s/9m10s  1050.00 iters/s
member   [  51% ] 0003/0200 VUs  4m42.5s/9m10s  0450.00 iters/s

running (4m51.9s), 0012/0700 VUs, 165113 complete and 0 interrupted iterations
guest    [  52% ] 0007/0500 VUs  4m43.5s/9m10s  1050.00 iters/s
member   [  52% ] 0005/0200 VUs  4m43.5s/9m10s  0450.00 iters/s

running (4m52.9s), 0014/0700 VUs, 166610 complete and 0 interrupted iterations
guest    [  52% ] 0009/0500 VUs  4m44.5s/9m10s  1050.00 iters/s
member   [  52% ] 0005/0200 VUs  4m44.5s/9m10s  0450.00 iters/s

running (4m53.9s), 0101/0700 VUs, 168017 complete and 0 interrupted iterations
guest    [  52% ] 0061/0500 VUs  4m45.5s/9m10s  1050.00 iters/s
member   [  52% ] 0040/0200 VUs  4m45.5s/9m10s  0450.00 iters/s

running (4m54.9s), 0651/0706 VUs, 168961 complete and 0 interrupted iterations
guest    [  52% ] 0445/0500 VUs  4m46.5s/9m10s  1050.00 iters/s
member   [  52% ] 0206/0206 VUs  4m46.5s/9m10s  0450.00 iters/s

running (4m55.9s), 0850/0854 VUs, 169864 complete and 0 interrupted iterations
guest    [  52% ] 0574/0577 VUs  4m47.5s/9m10s  1050.00 iters/s
member   [  52% ] 0276/0277 VUs  4m47.5s/9m10s  0450.00 iters/s

running (4m56.9s), 1039/1041 VUs, 170669 complete and 0 interrupted iterations
guest    [  52% ] 0688/0689 VUs  4m48.5s/9m10s  1050.00 iters/s
member   [  52% ] 0351/0352 VUs  4m48.5s/9m10s  0450.00 iters/s

running (4m57.9s), 1316/1330 VUs, 171272 complete and 0 interrupted iterations
guest    [  53% ] 0862/0874 VUs  4m49.5s/9m10s  1050.00 iters/s
member   [  53% ] 0454/0456 VUs  4m49.5s/9m10s  0450.00 iters/s

running (4m58.9s), 1387/1429 VUs, 172499 complete and 0 interrupted iterations
guest    [  53% ] 0934/0949 VUs  4m50.5s/9m10s  1050.00 iters/s
member   [  53% ] 0453/0480 VUs  4m50.5s/9m10s  0450.00 iters/s

running (4m59.9s), 1189/1432 VUs, 174194 complete and 0 interrupted iterations
guest    [  53% ] 0811/0952 VUs  4m51.5s/9m10s  1050.00 iters/s
member   [  53% ] 0378/0480 VUs  4m51.5s/9m10s  0450.00 iters/s

running (5m00.9s), 1043/1432 VUs, 175840 complete and 0 interrupted iterations
guest    [  53% ] 0710/0952 VUs  4m52.5s/9m10s  1050.00 iters/s
member   [  53% ] 0333/0480 VUs  4m52.5s/9m10s  0450.00 iters/s

running (5m01.9s), 0852/1432 VUs, 177531 complete and 0 interrupted iterations
guest    [  53% ] 0566/0952 VUs  4m53.5s/9m10s  1050.00 iters/s
member   [  53% ] 0286/0480 VUs  4m53.5s/9m10s  0450.00 iters/s


  █ THRESHOLDS 

    http_req_duration{endpoint:by-artists}
    ✗ 'p(95)<300' p(95)=405.78ms

    http_req_duration{endpoint:following}
    ✗ 'p(95)<300' p(95)=500.34ms

    http_req_failed
    ✓ 'rate<0.05' rate=0.00%


  █ TOTAL RESULTS 

    checks_total.......: 177741  588.653056/s
    checks_succeeded...: 100.00% 177741 out of 177741
    checks_failed......: 0.00%   0 out of 177741

    ✓ login status 200
    ✓ login returns authorization header
    ✓ by-artists status 200
    ✓ following status 200

    CUSTOM
    schedule_by_artists_ms.........: avg=55.19ms min=1.44ms med=3.7ms  max=2.7s  p(90)=52.91ms p(95)=405.78ms p(99)=1.08s
    schedule_following_ms..........: avg=66.01ms min=2.52ms med=5.78ms max=3.24s p(90)=75.27ms p(95)=500.34ms p(99)=1.22s

    HTTP
    http_req_duration..............: avg=58.45ms min=1.44ms med=4.19ms max=3.24s p(90)=59.91ms p(95)=429.6ms  p(99)=1.13s
      { endpoint:by-artists }......: avg=55.19ms min=1.44ms med=3.7ms  max=2.7s  p(90)=52.91ms p(95)=405.78ms p(99)=1.08s
      { endpoint:following }.......: avg=66.01ms min=2.52ms med=5.78ms max=3.24s p(90)=75.27ms p(95)=500.34ms p(99)=1.22s
      { expected_response:true }...: avg=58.45ms min=1.44ms med=4.19ms max=3.24s p(90)=59.91ms p(95)=429.6ms  p(99)=1.13s
    http_req_failed................: 0.00%  0 out of 177641
    http_reqs......................: 177641 588.32187/s

    EXECUTION
    dropped_iterations.............: 1741   5.765946/s
    iteration_duration.............: avg=58.64ms min=1.56ms med=4.36ms max=3.24s p(90)=59.58ms p(95)=430.32ms p(99)=1.13s
    iterations.....................: 177541 587.990684/s
    vus............................: 847    min=0           max=1384
    vus_max........................: 1432   min=700         max=1432

    NETWORK
    data_received..................: 1.2 GB 4.0 MB/s
    data_sent......................: 34 MB  113 kB/s




running (5m02.0s), 0000/1432 VUs, 177540 complete and 852 interrupted iterations
guest  ✗ [  53% ] 0564/0952 VUs  4m53.5s/9m10s  1050.00 iters/s
member ✗ [  53% ] 0283/0480 VUs  4m53.5s/9m10s  0450.00 iters/s
time="2026-04-21T18:43:49+09:00" level=error msg="thresholds on metrics 'http_req_duration{endpoint:by-artists}, http_req_duration{endpoint:following}' were crossed; at least one has abortOnFail enabled, stopping test prematurely"
